#
# There is insufficient memory for the Java Runtime Environment to continue.
# Native memory allocation (mmap) failed to map 375390208 bytes. Error detail: G1 virtual space
# Possible reasons:
#   The system is out of physical RAM or swap space
#   This process is running with CompressedOops enabled, and the Java Heap may be blocking the growth of the native heap
# Possible solutions:
#   Reduce memory load on the system
#   Increase physical memory or swap space
#   Check if swap backing store is full
#   Decrease Java heap size (-Xmx/-Xms)
#   Decrease number of Java threads
#   Decrease Java thread stack sizes (-Xss)
#   Set larger code cache with -XX:ReservedCodeCacheSize=
#   JVM is running with Unscaled Compressed Oops mode in which the Java heap is
#     placed in the first 4GB address space. The Java Heap base address is the
#     maximum limit for the native heap growth. Please use -XX:HeapBaseMinAddress
#     to set the Java Heap base and to place the Java Heap above 4GB virtual address.
# This output file may be truncated or incomplete.
#
#  Out of Memory Error (os_windows.cpp:3815), pid=14588, tid=14488
#
# JRE version: OpenJDK Runtime Environment (21.0.3) (build 21.0.3+-12282718-b509.11)
# Java VM: OpenJDK 64-Bit Server VM (21.0.3+-12282718-b509.11, mixed mode, tiered, compressed oops, compressed class ptrs, g1 gc, windows-amd64)
# No core dump will be written. Minidumps are not enabled by default on client versions of Windows
#

---------------  S U M M A R Y ------------

Command Line: --add-opens=java.base/java.util=ALL-UNNAMED --add-opens=java.base/java.lang=ALL-UNNAMED --add-opens=java.base/java.lang.invoke=ALL-UNNAMED --add-opens=java.prefs/java.util.prefs=ALL-UNNAMED --add-exports=jdk.compiler/com.sun.tools.javac.api=ALL-UNNAMED --add-exports=jdk.compiler/com.sun.tools.javac.util=ALL-UNNAMED --add-opens=java.base/java.nio.charset=ALL-UNNAMED --add-opens=java.base/java.net=ALL-UNNAMED --add-opens=java.base/java.util.concurrent.atomic=ALL-UNNAMED -Xmx2048m -Dfile.encoding=UTF-8 -Duser.country=IN -Duser.language=en -Duser.variant -javaagent:C:\Users\praga\.gradle\wrapper\dists\gradle-8.9-bin\90cnw93cvbtalezasaz0blq0a\gradle-8.9\lib\agents\gradle-instrumentation-agent-8.9.jar org.gradle.launcher.daemon.bootstrap.GradleDaemon 8.9

Host: 11th Gen Intel(R) Core(TM) i3-1115G4 @ 3.00GHz, 3 cores, 5G,  Windows 11 , 64 bit Build 22621 (10.0.22621.4391)
Time: Fri Jan 17 17:39:31 2025 India Standard Time elapsed time: 292.490130 seconds (0d 0h 4m 52s)

---------------  T H R E A D  ---------------

Current thread (0x000002997c894b00):  VMThread "VM Thread"          [id=14488, stack(0x000000e92d300000,0x000000e92d400000) (1024K)]

Stack: [0x000000e92d300000,0x000000e92d400000]
Native frames: (J=compiled Java code, j=interpreted, Vv=VM code, C=native code)
V  [jvm.dll+0x6cafb9]
V  [jvm.dll+0x858523]
V  [jvm.dll+0x85aa7e]
V  [jvm.dll+0x85b163]
V  [jvm.dll+0x27d356]
V  [jvm.dll+0x6c7865]
V  [jvm.dll+0x6bbd3a]
V  [jvm.dll+0x35199b]
V  [jvm.dll+0x3595d6]
V  [jvm.dll+0x3aa826]
V  [jvm.dll+0x3aaaf8]
V  [jvm.dll+0x3240bc]
V  [jvm.dll+0x324147]
V  [jvm.dll+0x36a00c]
V  [jvm.dll+0x36879e]
V  [jvm.dll+0x3237c1]
V  [jvm.dll+0x367eb0]
V  [jvm.dll+0x860ac8]
V  [jvm.dll+0x861bc4]
V  [jvm.dll+0x862100]
V  [jvm.dll+0x862393]
V  [jvm.dll+0x800d78]
V  [jvm.dll+0x6c98cd]
C  [ucrtbase.dll+0x29333]
C  [KERNEL32.DLL+0x1259d]
C  [ntdll.dll+0x5af38]

VM_Operation (0x000000e92ecfe570): G1CollectForAllocation, mode: safepoint, requested by thread 0x000002997e678ae0


---------------  P R O C E S S  ---------------

Threads class SMR info:
_java_thread_list=0x00000299143bef30, length=50, elements={
0x0000029972b53230, 0x000002997cb708c0, 0x000002997cb541f0, 0x000002997cb70f30,
0x000002997cb71a80, 0x000002997cb728e0, 0x000002997cb58c80, 0x000002997cb59a10,
0x000002997cb5a4b0, 0x000002997cc78a70, 0x000002997ceb7d90, 0x000002997e323d50,
0x000002997e720440, 0x000002997e4744c0, 0x000002997e637020, 0x000002997e3bc4c0,
0x000002997e1f91a0, 0x000002997e1fa170, 0x000002997e67b240, 0x000002997e67b8d0,
0x000002997e678450, 0x000002997e67a520, 0x000002997e67abb0, 0x000002997e678ae0,
0x000002997e679800, 0x000002997e679e90, 0x000002997ed76ee0, 0x000002997ed75b30,
0x000002997ed74e10, 0x000002997ed77c00, 0x000002997ed74780, 0x000002997ed76850,
0x000002997ed754a0, 0x000002997ed77570, 0x000002997ed78290, 0x000002997ed761c0,
0x000002997ed72020, 0x000002997ed726b0, 0x000002997ed79640, 0x000002997ed72d40,
0x000002997ed73a60, 0x000002997ed740f0, 0x000002997e4df330, 0x000002997e4e1a90,
0x000002997e4e2120, 0x000002997e4e1400, 0x000002997e4deca0, 0x000002997e4e41f0,
0x000002997e4e55a0, 0x000002997e4e06e0
}

Java Threads: ( => current thread )
  0x0000029972b53230 JavaThread "main"                              [_thread_blocked, id=13084, stack(0x000000e92cc00000,0x000000e92cd00000) (1024K)]
  0x000002997cb708c0 JavaThread "Reference Handler"          daemon [_thread_blocked, id=11520, stack(0x000000e92d400000,0x000000e92d500000) (1024K)]
  0x000002997cb541f0 JavaThread "Finalizer"                  daemon [_thread_blocked, id=15320, stack(0x000000e92d500000,0x000000e92d600000) (1024K)]
  0x000002997cb70f30 JavaThread "Signal Dispatcher"          daemon [_thread_blocked, id=13852, stack(0x000000e92d600000,0x000000e92d700000) (1024K)]
  0x000002997cb71a80 JavaThread "Attach Listener"            daemon [_thread_blocked, id=8848, stack(0x000000e92d700000,0x000000e92d800000) (1024K)]
  0x000002997cb728e0 JavaThread "Service Thread"             daemon [_thread_blocked, id=1884, stack(0x000000e92d800000,0x000000e92d900000) (1024K)]
  0x000002997cb58c80 JavaThread "Monitor Deflation Thread"   daemon [_thread_blocked, id=15852, stack(0x000000e92d900000,0x000000e92da00000) (1024K)]
  0x000002997cb59a10 JavaThread "C2 CompilerThread0"         daemon [_thread_blocked, id=3420, stack(0x000000e92da00000,0x000000e92db00000) (1024K)]
  0x000002997cb5a4b0 JavaThread "C1 CompilerThread0"         daemon [_thread_blocked, id=5876, stack(0x000000e92db00000,0x000000e92dc00000) (1024K)]
  0x000002997cc78a70 JavaThread "Common-Cleaner"             daemon [_thread_blocked, id=17908, stack(0x000000e92dc00000,0x000000e92dd00000) (1024K)]
  0x000002997ceb7d90 JavaThread "Notification Thread"        daemon [_thread_blocked, id=15608, stack(0x000000e92dd00000,0x000000e92de00000) (1024K)]
  0x000002997e323d50 JavaThread "Daemon health stats"               [_thread_blocked, id=10808, stack(0x000000e92e000000,0x000000e92e100000) (1024K)]
  0x000002997e720440 JavaThread "Incoming local TCP Connector on port 58184"        [_thread_in_native, id=20056, stack(0x000000e92e100000,0x000000e92e200000) (1024K)]
  0x000002997e4744c0 JavaThread "Daemon periodic checks"            [_thread_blocked, id=11868, stack(0x000000e92e200000,0x000000e92e300000) (1024K)]
  0x000002997e637020 JavaThread "Daemon"                            [_thread_blocked, id=11528, stack(0x000000e92e300000,0x000000e92e400000) (1024K)]
  0x000002997e3bc4c0 JavaThread "Handler for socket connection from /127.0.0.1:58184 to /127.0.0.1:58195"        [_thread_in_native, id=2076, stack(0x000000e92e400000,0x000000e92e500000) (1024K)]
  0x000002997e1f91a0 JavaThread "Cancel handler"                    [_thread_blocked, id=14636, stack(0x000000e92e500000,0x000000e92e600000) (1024K)]
  0x000002997e1fa170 JavaThread "Daemon worker"                     [_thread_blocked, id=3688, stack(0x000000e92e600000,0x000000e92e700000) (1024K)]
  0x000002997e67b240 JavaThread "Asynchronous log dispatcher for DefaultDaemonConnection: socket connection from /127.0.0.1:58184 to /127.0.0.1:58195"        [_thread_blocked, id=14880, stack(0x000000e92e700000,0x000000e92e800000) (1024K)]
  0x000002997e67b8d0 JavaThread "Stdin handler"                     [_thread_blocked, id=4288, stack(0x000000e92e800000,0x000000e92e900000) (1024K)]
  0x000002997e678450 JavaThread "Daemon client event forwarder"        [_thread_blocked, id=11340, stack(0x000000e92e900000,0x000000e92ea00000) (1024K)]
  0x000002997e67a520 JavaThread "Cache worker for journal cache (C:\Users\praga\.gradle\caches\journal-1)"        [_thread_blocked, id=20180, stack(0x000000e92ea00000,0x000000e92eb00000) (1024K)]
  0x000002997e67abb0 JavaThread "File lock request listener"        [_thread_in_native, id=19616, stack(0x000000e92eb00000,0x000000e92ec00000) (1024K)]
  0x000002997e678ae0 JavaThread "Cache worker for file hash cache (C:\Users\praga\.gradle\caches\8.9\fileHashes)"        [_thread_blocked, id=14500, stack(0x000000e92ec00000,0x000000e92ed00000) (1024K)]
  0x000002997e679800 JavaThread "File lock release action executor"        [_thread_blocked, id=15644, stack(0x000000e92ed00000,0x000000e92ee00000) (1024K)]
  0x000002997e679e90 JavaThread "Cache worker for file hash cache (D:\Saratha\TRAINING\WIPRO\MOBILE PLATFORM MILESTONE\WORK\KOTLIN_ANDROID_WS\MyMovieApp\.gradle\8.9\fileHashes)"        [_thread_blocked, id=6652, stack(0x000000e92ee00000,0x000000e92ef00000) (1024K)]
  0x000002997ed76ee0 JavaThread "Cache worker for Build Output Cleanup Cache (D:\Saratha\TRAINING\WIPRO\MOBILE PLATFORM MILESTONE\WORK\KOTLIN_ANDROID_WS\MyMovieApp\.gradle\buildOutputCleanup)"        [_thread_blocked, id=19832, stack(0x000000e92ef00000,0x000000e92f000000) (1024K)]
  0x000002997ed75b30 JavaThread "File watcher server"        daemon [_thread_blocked, id=17452, stack(0x000000e92f000000,0x000000e92f100000) (1024K)]
  0x000002997ed74e10 JavaThread "File watcher consumer"      daemon [_thread_blocked, id=6444, stack(0x000000e92f100000,0x000000e92f200000) (1024K)]
  0x000002997ed77c00 JavaThread "jar transforms"                    [_thread_blocked, id=12548, stack(0x000000e92f200000,0x000000e92f300000) (1024K)]
  0x000002997ed74780 JavaThread "jar transforms Thread 2"           [_thread_blocked, id=20052, stack(0x000000e92f300000,0x000000e92f400000) (1024K)]
  0x000002997ed76850 JavaThread "jar transforms Thread 3"           [_thread_blocked, id=5912, stack(0x000000e92f400000,0x000000e92f500000) (1024K)]
  0x000002997ed754a0 JavaThread "Cache worker for checksums cache (D:\Saratha\TRAINING\WIPRO\MOBILE PLATFORM MILESTONE\WORK\KOTLIN_ANDROID_WS\MyMovieApp\.gradle\8.9\checksums)"        [_thread_blocked, id=18560, stack(0x000000e92f500000,0x000000e92f600000) (1024K)]
  0x000002997ed77570 JavaThread "Cache worker for file content cache (C:\Users\praga\.gradle\caches\8.9\fileContent)"        [_thread_blocked, id=18948, stack(0x000000e92f600000,0x000000e92f700000) (1024K)]
  0x000002997ed78290 JavaThread "Cache worker for cache directory md-rule (C:\Users\praga\.gradle\caches\8.9\md-rule)"        [_thread_blocked, id=18288, stack(0x000000e92f700000,0x000000e92f800000) (1024K)]
  0x000002997ed761c0 JavaThread "Cache worker for cache directory md-supplier (C:\Users\praga\.gradle\caches\8.9\md-supplier)"        [_thread_blocked, id=5088, stack(0x000000e92f800000,0x000000e92f900000) (1024K)]
  0x000002997ed72020 JavaThread "Unconstrained build operations"        [_thread_blocked, id=17240, stack(0x000000e92c900000,0x000000e92ca00000) (1024K)]
  0x000002997ed726b0 JavaThread "Unconstrained build operations Thread 2"        [_thread_blocked, id=18420, stack(0x000000e92ca00000,0x000000e92cb00000) (1024K)]
  0x000002997ed79640 JavaThread "Unconstrained build operations Thread 3"        [_thread_blocked, id=11344, stack(0x000000e92cb00000,0x000000e92cc00000) (1024K)]
  0x000002997ed72d40 JavaThread "Unconstrained build operations Thread 4"        [_thread_blocked, id=14228, stack(0x000000e92f900000,0x000000e92fa00000) (1024K)]
  0x000002997ed73a60 JavaThread "Unconstrained build operations Thread 5"        [_thread_blocked, id=16808, stack(0x000000e92fa00000,0x000000e92fb00000) (1024K)]
  0x000002997ed740f0 JavaThread "Unconstrained build operations Thread 6"        [_thread_blocked, id=3100, stack(0x000000e92fb00000,0x000000e92fc00000) (1024K)]
  0x000002997e4df330 JavaThread "Unconstrained build operations Thread 7"        [_thread_blocked, id=9540, stack(0x000000e92fc00000,0x000000e92fd00000) (1024K)]
  0x000002997e4e1a90 JavaThread "Unconstrained build operations Thread 8"        [_thread_blocked, id=18772, stack(0x000000e92fd00000,0x000000e92fe00000) (1024K)]
  0x000002997e4e2120 JavaThread "Unconstrained build operations Thread 9"        [_thread_blocked, id=20220, stack(0x000000e92fe00000,0x000000e92ff00000) (1024K)]
  0x000002997e4e1400 JavaThread "Unconstrained build operations Thread 10"        [_thread_blocked, id=13844, stack(0x000000e92ff00000,0x000000e930000000) (1024K)]
  0x000002997e4deca0 JavaThread "Unconstrained build operations Thread 11"        [_thread_blocked, id=14528, stack(0x000000e930000000,0x000000e930100000) (1024K)]
  0x000002997e4e41f0 JavaThread "Unconstrained build operations Thread 12"        [_thread_blocked, id=6312, stack(0x000000e930100000,0x000000e930200000) (1024K)]
  0x000002997e4e55a0 JavaThread "Unconstrained build operations Thread 13"        [_thread_blocked, id=9156, stack(0x000000e930200000,0x000000e930300000) (1024K)]
  0x000002997e4e06e0 JavaThread "Unconstrained build operations Thread 14"        [_thread_blocked, id=7172, stack(0x000000e930300000,0x000000e930400000) (1024K)]
Total: 50

Other Threads:
=>0x000002997c894b00 VMThread "VM Thread"                           [id=14488, stack(0x000000e92d300000,0x000000e92d400000) (1024K)]
  0x000002997c833930 WatcherThread "VM Periodic Task Thread"        [id=14244, stack(0x000000e92d200000,0x000000e92d300000) (1024K)]
  0x0000029974d00f30 WorkerThread "GC Thread#0"                     [id=11444, stack(0x000000e92cd00000,0x000000e92ce00000) (1024K)]
  0x000002997cf5ce90 WorkerThread "GC Thread#1"                     [id=16764, stack(0x000000e92de00000,0x000000e92df00000) (1024K)]
  0x000002997cf566e0 WorkerThread "GC Thread#2"                     [id=11772, stack(0x000000e92df00000,0x000000e92e000000) (1024K)]
  0x0000029974d11db0 ConcurrentGCThread "G1 Main Marker"            [id=16404, stack(0x000000e92ce00000,0x000000e92cf00000) (1024K)]
  0x0000029974d12750 WorkerThread "G1 Conc#0"                       [id=18140, stack(0x000000e92cf00000,0x000000e92d000000) (1024K)]
  0x000002997c710090 ConcurrentGCThread "G1 Refine#0"               [id=11908, stack(0x000000e92d000000,0x000000e92d100000) (1024K)]
  0x000002997c710c10 ConcurrentGCThread "G1 Service"                [id=10184, stack(0x000000e92d100000,0x000000e92d200000) (1024K)]
Total: 9

Threads with active compile tasks:
C2 CompilerThread0   292552 9230       4       org.gradle.internal.logging.sink.OutputEventTransformer::onOutput (369 bytes)
Total: 1

VM state: at safepoint (normal execution)

VM Mutex/Monitor currently owned by a thread:  ([mutex/lock_event])
[0x00007ffb91e720c8] Threads_lock - owner thread: 0x000002997c894b00
[0x00007ffb91e721c8] Heap_lock - owner thread: 0x000002997e678ae0

Heap address: 0x0000000080000000, size: 2048 MB, Compressed Oops mode: 32-bit

CDS archive(s) not mapped
Compressed class space mapped at: 0x0000000100000000-0x0000000140000000, reserved size: 1073741824
Narrow klass base: 0x0000000000000000, Narrow klass shift: 3, Narrow klass range: 0x140000000

GC Precious Log:
 CardTable entry size: 512
 Card Set container configuration: InlinePtr #cards 5 size 8 Array Of Cards #cards 12 size 40 Howl #buckets 4 coarsen threshold 1843 Howl Bitmap #cards 512 size 80 coarsen threshold 460 Card regions per heap region 1 cards per card region 2048
 CPUs: 3 total, 3 available
 Memory: 5163M
 Large Page Support: Disabled
 NUMA Support: Disabled
 Compressed Oops: Enabled (32-bit)
 Heap Region Size: 1M
 Heap Min Capacity: 8M
 Heap Initial Capacity: 82M
 Heap Max Capacity: 2G
 Pre-touch: Disabled
 Parallel Workers: 3
 Concurrent Workers: 1
 Concurrent Refinement Workers: 3
 Periodic GC: Disabled

Heap:
 garbage-first heap   total 183296K, used 93762K [0x0000000080000000, 0x0000000100000000)
  region size 1024K, 1 young (1024K), 1 survivors (1024K)
 Metaspace       used 73089K, committed 74944K, reserved 1114112K
  class space    used 9962K, committed 10880K, reserved 1048576K

Heap Regions: E=young(eden), S=young(survivor), O=old, HS=humongous(starts), HC=humongous(continues), CS=collection set, F=free, TAMS=top-at-mark-start, PB=parsable bottom
|   0|0x0000000080000000, 0x0000000080100000, 0x0000000080100000|100%| O|  |TAMS 0x0000000080100000| PB 0x0000000080000000| Untracked 
|   1|0x0000000080100000, 0x0000000080200000, 0x0000000080200000|100%|HS|  |TAMS 0x0000000080200000| PB 0x0000000080100000| Complete 
|   2|0x0000000080200000, 0x0000000080300000, 0x0000000080300000|100%|HC|  |TAMS 0x0000000080300000| PB 0x0000000080200000| Complete 
|   3|0x0000000080300000, 0x0000000080400000, 0x0000000080400000|100%|HC|  |TAMS 0x0000000080400000| PB 0x0000000080300000| Complete 
|   4|0x0000000080400000, 0x0000000080500000, 0x0000000080500000|100%|HC|  |TAMS 0x0000000080500000| PB 0x0000000080400000| Complete 
|   5|0x0000000080500000, 0x0000000080600000, 0x0000000080600000|100%| O|  |TAMS 0x0000000080600000| PB 0x0000000080500000| Untracked 
|   6|0x0000000080600000, 0x0000000080700000, 0x0000000080700000|100%| O|  |TAMS 0x0000000080700000| PB 0x0000000080600000| Untracked 
|   7|0x0000000080700000, 0x0000000080800000, 0x0000000080800000|100%| O|  |TAMS 0x0000000080800000| PB 0x0000000080700000| Untracked 
|   8|0x0000000080800000, 0x0000000080900000, 0x0000000080900000|100%| O|  |TAMS 0x0000000080900000| PB 0x0000000080800000| Untracked 
|   9|0x0000000080900000, 0x0000000080a00000, 0x0000000080a00000|100%|HS|  |TAMS 0x0000000080a00000| PB 0x0000000080900000| Complete 
|  10|0x0000000080a00000, 0x0000000080b00000, 0x0000000080b00000|100%| O|  |TAMS 0x0000000080b00000| PB 0x0000000080a00000| Untracked 
|  11|0x0000000080b00000, 0x0000000080c00000, 0x0000000080c00000|100%| O|  |TAMS 0x0000000080c00000| PB 0x0000000080b00000| Untracked 
|  12|0x0000000080c00000, 0x0000000080d00000, 0x0000000080d00000|100%| O|  |TAMS 0x0000000080d00000| PB 0x0000000080c00000| Untracked 
|  13|0x0000000080d00000, 0x0000000080e00000, 0x0000000080e00000|100%| O|  |TAMS 0x0000000080e00000| PB 0x0000000080d00000| Untracked 
|  14|0x0000000080e00000, 0x0000000080f00000, 0x0000000080f00000|100%| O|  |TAMS 0x0000000080f00000| PB 0x0000000080e00000| Untracked 
|  15|0x0000000080f00000, 0x0000000081000000, 0x0000000081000000|100%| O|  |TAMS 0x0000000081000000| PB 0x0000000080f00000| Untracked 
|  16|0x0000000081000000, 0x0000000081100000, 0x0000000081100000|100%| O|  |TAMS 0x0000000081100000| PB 0x0000000081000000| Untracked 
|  17|0x0000000081100000, 0x0000000081200000, 0x0000000081200000|100%| O|  |TAMS 0x0000000081200000| PB 0x0000000081100000| Untracked 
|  18|0x0000000081200000, 0x0000000081300000, 0x0000000081300000|100%| O|  |TAMS 0x0000000081300000| PB 0x0000000081200000| Untracked 
|  19|0x0000000081300000, 0x0000000081400000, 0x0000000081400000|100%| O|  |TAMS 0x0000000081400000| PB 0x0000000081300000| Untracked 
|  20|0x0000000081400000, 0x0000000081500000, 0x0000000081500000|100%| O|  |TAMS 0x0000000081500000| PB 0x0000000081400000| Untracked 
|  21|0x0000000081500000, 0x0000000081600000, 0x0000000081600000|100%| O|  |TAMS 0x0000000081600000| PB 0x0000000081500000| Untracked 
|  22|0x0000000081600000, 0x0000000081700000, 0x0000000081700000|100%|HS|  |TAMS 0x0000000081700000| PB 0x0000000081600000| Complete 
|  23|0x0000000081700000, 0x0000000081800000, 0x0000000081800000|100%|HC|  |TAMS 0x0000000081800000| PB 0x0000000081700000| Complete 
|  24|0x0000000081800000, 0x0000000081900000, 0x0000000081900000|100%|HC|  |TAMS 0x0000000081900000| PB 0x0000000081800000| Complete 
|  25|0x0000000081900000, 0x0000000081a00000, 0x0000000081a00000|100%|HC|  |TAMS 0x0000000081a00000| PB 0x0000000081900000| Complete 
|  26|0x0000000081a00000, 0x0000000081b00000, 0x0000000081b00000|100%|HC|  |TAMS 0x0000000081b00000| PB 0x0000000081a00000| Complete 
|  27|0x0000000081b00000, 0x0000000081c00000, 0x0000000081c00000|100%|HC|  |TAMS 0x0000000081c00000| PB 0x0000000081b00000| Complete 
|  28|0x0000000081c00000, 0x0000000081d00000, 0x0000000081d00000|100%|HS|  |TAMS 0x0000000081d00000| PB 0x0000000081c00000| Complete 
|  29|0x0000000081d00000, 0x0000000081e00000, 0x0000000081e00000|100%|HC|  |TAMS 0x0000000081e00000| PB 0x0000000081d00000| Complete 
|  30|0x0000000081e00000, 0x0000000081f00000, 0x0000000081f00000|100%|HC|  |TAMS 0x0000000081f00000| PB 0x0000000081e00000| Complete 
|  31|0x0000000081f00000, 0x0000000082000000, 0x0000000082000000|100%|HS|  |TAMS 0x0000000082000000| PB 0x0000000081f00000| Complete 
|  32|0x0000000082000000, 0x0000000082100000, 0x0000000082100000|100%|HC|  |TAMS 0x0000000082100000| PB 0x0000000082000000| Complete 
|  33|0x0000000082100000, 0x0000000082200000, 0x0000000082200000|100%|HS|  |TAMS 0x0000000082200000| PB 0x0000000082100000| Complete 
|  34|0x0000000082200000, 0x0000000082300000, 0x0000000082300000|100%| O|  |TAMS 0x0000000082300000| PB 0x0000000082200000| Untracked 
|  35|0x0000000082300000, 0x0000000082400000, 0x0000000082400000|100%| O|  |TAMS 0x0000000082400000| PB 0x0000000082300000| Untracked 
|  36|0x0000000082400000, 0x0000000082500000, 0x0000000082500000|100%| O|  |TAMS 0x0000000082500000| PB 0x0000000082400000| Untracked 
|  37|0x0000000082500000, 0x0000000082600000, 0x0000000082600000|100%| O|  |TAMS 0x0000000082600000| PB 0x0000000082500000| Untracked 
|  38|0x0000000082600000, 0x0000000082700000, 0x0000000082700000|100%| O|  |TAMS 0x0000000082700000| PB 0x0000000082600000| Untracked 
|  39|0x0000000082700000, 0x0000000082800000, 0x0000000082800000|100%| O|  |TAMS 0x0000000082800000| PB 0x0000000082700000| Untracked 
|  40|0x0000000082800000, 0x0000000082900000, 0x0000000082900000|100%| O|  |TAMS 0x0000000082900000| PB 0x0000000082800000| Untracked 
|  41|0x0000000082900000, 0x0000000082a00000, 0x0000000082a00000|100%| O|  |TAMS 0x0000000082a00000| PB 0x0000000082900000| Untracked 
|  42|0x0000000082a00000, 0x0000000082b00000, 0x0000000082b00000|100%| O|  |TAMS 0x0000000082b00000| PB 0x0000000082a00000| Untracked 
|  43|0x0000000082b00000, 0x0000000082c00000, 0x0000000082c00000|100%| O|  |TAMS 0x0000000082c00000| PB 0x0000000082b00000| Untracked 
|  44|0x0000000082c00000, 0x0000000082d00000, 0x0000000082d00000|100%| O|  |TAMS 0x0000000082d00000| PB 0x0000000082c00000| Untracked 
|  45|0x0000000082d00000, 0x0000000082e00000, 0x0000000082e00000|100%| O|  |TAMS 0x0000000082e00000| PB 0x0000000082d00000| Untracked 
|  46|0x0000000082e00000, 0x0000000082f00000, 0x0000000082f00000|100%| O|  |TAMS 0x0000000082f00000| PB 0x0000000082e00000| Untracked 
|  47|0x0000000082f00000, 0x0000000083000000, 0x0000000083000000|100%| O|  |TAMS 0x0000000083000000| PB 0x0000000082f00000| Untracked 
|  48|0x0000000083000000, 0x0000000083100000, 0x0000000083100000|100%| O|  |TAMS 0x0000000083100000| PB 0x0000000083000000| Untracked 
|  49|0x0000000083100000, 0x0000000083200000, 0x0000000083200000|100%| O|  |TAMS 0x0000000083200000| PB 0x0000000083100000| Untracked 
|  50|0x0000000083200000, 0x0000000083300000, 0x0000000083300000|100%| O|  |TAMS 0x0000000083300000| PB 0x0000000083200000| Untracked 
|  51|0x0000000083300000, 0x0000000083400000, 0x0000000083400000|100%|HS|  |TAMS 0x0000000083400000| PB 0x0000000083300000| Complete 
|  52|0x0000000083400000, 0x0000000083500000, 0x0000000083500000|100%|HC|  |TAMS 0x0000000083500000| PB 0x0000000083400000| Complete 
|  53|0x0000000083500000, 0x0000000083600000, 0x0000000083600000|100%|HS|  |TAMS 0x0000000083600000| PB 0x0000000083500000| Complete 
|  54|0x0000000083600000, 0x0000000083700000, 0x0000000083700000|100%|HC|  |TAMS 0x0000000083700000| PB 0x0000000083600000| Complete 
|  55|0x0000000083700000, 0x0000000083800000, 0x0000000083800000|100%|HC|  |TAMS 0x0000000083800000| PB 0x0000000083700000| Complete 
|  56|0x0000000083800000, 0x0000000083900000, 0x0000000083900000|100%|HC|  |TAMS 0x0000000083900000| PB 0x0000000083800000| Complete 
|  57|0x0000000083900000, 0x0000000083a00000, 0x0000000083a00000|100%|HC|  |TAMS 0x0000000083a00000| PB 0x0000000083900000| Complete 
|  58|0x0000000083a00000, 0x0000000083b00000, 0x0000000083b00000|100%|HC|  |TAMS 0x0000000083b00000| PB 0x0000000083a00000| Complete 
|  59|0x0000000083b00000, 0x0000000083c00000, 0x0000000083c00000|100%|HS|  |TAMS 0x0000000083c00000| PB 0x0000000083b00000| Complete 
|  60|0x0000000083c00000, 0x0000000083d00000, 0x0000000083d00000|100%|HC|  |TAMS 0x0000000083d00000| PB 0x0000000083c00000| Complete 
|  61|0x0000000083d00000, 0x0000000083e00000, 0x0000000083e00000|100%|HC|  |TAMS 0x0000000083e00000| PB 0x0000000083d00000| Complete 
|  62|0x0000000083e00000, 0x0000000083f00000, 0x0000000083f00000|100%|HC|  |TAMS 0x0000000083f00000| PB 0x0000000083e00000| Complete 
|  63|0x0000000083f00000, 0x0000000084000000, 0x0000000084000000|100%|HC|  |TAMS 0x0000000084000000| PB 0x0000000083f00000| Complete 
|  64|0x0000000084000000, 0x0000000084100000, 0x0000000084100000|100%|HC|  |TAMS 0x0000000084100000| PB 0x0000000084000000| Complete 
|  65|0x0000000084100000, 0x0000000084200000, 0x0000000084200000|100%| O|  |TAMS 0x0000000084200000| PB 0x0000000084100000| Untracked 
|  66|0x0000000084200000, 0x0000000084300000, 0x0000000084300000|100%| O|  |TAMS 0x0000000084300000| PB 0x0000000084200000| Untracked 
|  67|0x0000000084300000, 0x0000000084400000, 0x0000000084400000|100%| O|  |TAMS 0x0000000084400000| PB 0x0000000084300000| Untracked 
|  68|0x0000000084400000, 0x0000000084500000, 0x0000000084500000|100%| O|  |TAMS 0x0000000084500000| PB 0x0000000084400000| Untracked 
|  69|0x0000000084500000, 0x0000000084600000, 0x0000000084600000|100%| O|  |TAMS 0x0000000084600000| PB 0x0000000084500000| Untracked 
|  70|0x0000000084600000, 0x0000000084700000, 0x0000000084700000|100%| O|  |TAMS 0x0000000084700000| PB 0x0000000084600000| Untracked 
|  71|0x0000000084700000, 0x0000000084800000, 0x0000000084800000|100%| O|  |TAMS 0x0000000084800000| PB 0x0000000084700000| Untracked 
|  72|0x0000000084800000, 0x0000000084900000, 0x0000000084900000|100%| O|  |TAMS 0x0000000084900000| PB 0x0000000084800000| Untracked 
|  73|0x0000000084900000, 0x0000000084a00000, 0x0000000084a00000|100%| O|  |TAMS 0x0000000084a00000| PB 0x0000000084900000| Untracked 
|  74|0x0000000084a00000, 0x0000000084b00000, 0x0000000084b00000|100%| O|  |TAMS 0x0000000084b00000| PB 0x0000000084a00000| Untracked 
|  75|0x0000000084b00000, 0x0000000084c00000, 0x0000000084c00000|100%| O|  |TAMS 0x0000000084c00000| PB 0x0000000084b00000| Untracked 
|  76|0x0000000084c00000, 0x0000000084d00000, 0x0000000084d00000|100%| O|  |TAMS 0x0000000084d00000| PB 0x0000000084c00000| Untracked 
|  77|0x0000000084d00000, 0x0000000084e00000, 0x0000000084e00000|100%| O|  |TAMS 0x0000000084e00000| PB 0x0000000084d00000| Untracked 
|  78|0x0000000084e00000, 0x0000000084f00000, 0x0000000084f00000|100%| O|  |TAMS 0x0000000084f00000| PB 0x0000000084e00000| Untracked 
|  79|0x0000000084f00000, 0x0000000085000000, 0x0000000085000000|100%| O|  |TAMS 0x0000000085000000| PB 0x0000000084f00000| Untracked 
|  80|0x0000000085000000, 0x0000000085100000, 0x0000000085100000|100%| O|  |TAMS 0x0000000085000000| PB 0x0000000085000000| Untracked 
|  81|0x0000000085100000, 0x0000000085200000, 0x0000000085200000|100%| O|  |TAMS 0x0000000085200000| PB 0x0000000085100000| Untracked 
|  82|0x0000000085200000, 0x0000000085300000, 0x0000000085300000|100%| O|  |TAMS 0x0000000085300000| PB 0x0000000085200000| Untracked 
|  83|0x0000000085300000, 0x0000000085400000, 0x0000000085400000|100%| O|  |TAMS 0x0000000085400000| PB 0x0000000085300000| Untracked 
|  84|0x0000000085400000, 0x0000000085500000, 0x0000000085500000|100%| O|  |TAMS 0x0000000085500000| PB 0x0000000085400000| Untracked 
|  85|0x0000000085500000, 0x0000000085600000, 0x0000000085600000|100%| O|  |TAMS 0x0000000085600000| PB 0x0000000085500000| Untracked 
|  86|0x0000000085600000, 0x0000000085700000, 0x0000000085700000|100%| O|  |TAMS 0x0000000085627250| PB 0x0000000085600000| Untracked 
|  87|0x0000000085700000, 0x0000000085800000, 0x0000000085800000|100%| O|  |TAMS 0x0000000085700000| PB 0x0000000085700000| Untracked 
|  88|0x0000000085800000, 0x0000000085890b50, 0x0000000085900000| 56%| O|  |TAMS 0x0000000085800000| PB 0x0000000085800000| Untracked 
|  89|0x0000000085900000, 0x0000000085900000, 0x0000000085a00000|  0%| F|  |TAMS 0x0000000085900000| PB 0x0000000085900000| Untracked 
|  90|0x0000000085a00000, 0x0000000085a00000, 0x0000000085b00000|  0%| F|  |TAMS 0x0000000085a00000| PB 0x0000000085a00000| Untracked 
|  91|0x0000000085b00000, 0x0000000085b00000, 0x0000000085c00000|  0%| F|  |TAMS 0x0000000085b00000| PB 0x0000000085b00000| Untracked 
|  92|0x0000000085c00000, 0x0000000085c00000, 0x0000000085d00000|  0%| F|  |TAMS 0x0000000085c00000| PB 0x0000000085c00000| Untracked 
|  93|0x0000000085d00000, 0x0000000085d00000, 0x0000000085e00000|  0%| F|  |TAMS 0x0000000085d00000| PB 0x0000000085d00000| Untracked 
|  94|0x0000000085e00000, 0x0000000085e00000, 0x0000000085f00000|  0%| F|  |TAMS 0x0000000085e00000| PB 0x0000000085e00000| Untracked 
|  95|0x0000000085f00000, 0x0000000085f00000, 0x0000000086000000|  0%| F|  |TAMS 0x0000000085f00000| PB 0x0000000085f00000| Untracked 
|  96|0x0000000086000000, 0x0000000086000000, 0x0000000086100000|  0%| F|  |TAMS 0x0000000086000000| PB 0x0000000086000000| Untracked 
|  97|0x0000000086100000, 0x0000000086100000, 0x0000000086200000|  0%| F|  |TAMS 0x0000000086100000| PB 0x0000000086100000| Untracked 
|  98|0x0000000086200000, 0x0000000086200000, 0x0000000086300000|  0%| F|  |TAMS 0x0000000086200000| PB 0x0000000086200000| Untracked 
|  99|0x0000000086300000, 0x0000000086300000, 0x0000000086400000|  0%| F|  |TAMS 0x0000000086300000| PB 0x0000000086300000| Untracked 
| 100|0x0000000086400000, 0x0000000086400000, 0x0000000086500000|  0%| F|  |TAMS 0x0000000086400000| PB 0x0000000086400000| Untracked 
| 101|0x0000000086500000, 0x0000000086500000, 0x0000000086600000|  0%| F|  |TAMS 0x0000000086500000| PB 0x0000000086500000| Untracked 
| 102|0x0000000086600000, 0x0000000086600000, 0x0000000086700000|  0%| F|  |TAMS 0x0000000086600000| PB 0x0000000086600000| Untracked 
| 103|0x0000000086700000, 0x0000000086700000, 0x0000000086800000|  0%| F|  |TAMS 0x0000000086700000| PB 0x0000000086700000| Untracked 
| 104|0x0000000086800000, 0x0000000086800000, 0x0000000086900000|  0%| F|  |TAMS 0x0000000086800000| PB 0x0000000086800000| Untracked 
| 105|0x0000000086900000, 0x0000000086900000, 0x0000000086a00000|  0%| F|  |TAMS 0x0000000086900000| PB 0x0000000086900000| Untracked 
| 106|0x0000000086a00000, 0x0000000086a00000, 0x0000000086b00000|  0%| F|  |TAMS 0x0000000086a00000| PB 0x0000000086a00000| Untracked 
| 107|0x0000000086b00000, 0x0000000086b00000, 0x0000000086c00000|  0%| F|  |TAMS 0x0000000086b00000| PB 0x0000000086b00000| Untracked 
| 108|0x0000000086c00000, 0x0000000086c00000, 0x0000000086d00000|  0%| F|  |TAMS 0x0000000086c00000| PB 0x0000000086c00000| Untracked 
| 109|0x0000000086d00000, 0x0000000086d00000, 0x0000000086e00000|  0%| F|  |TAMS 0x0000000086d00000| PB 0x0000000086d00000| Untracked 
| 110|0x0000000086e00000, 0x0000000086e00000, 0x0000000086f00000|  0%| F|  |TAMS 0x0000000086e00000| PB 0x0000000086e00000| Untracked 
| 111|0x0000000086f00000, 0x0000000086f00000, 0x0000000087000000|  0%| F|  |TAMS 0x0000000086f00000| PB 0x0000000086f00000| Untracked 
| 112|0x0000000087000000, 0x0000000087000000, 0x0000000087100000|  0%| F|  |TAMS 0x0000000087000000| PB 0x0000000087000000| Untracked 
| 113|0x0000000087100000, 0x0000000087100000, 0x0000000087200000|  0%| F|  |TAMS 0x0000000087100000| PB 0x0000000087100000| Untracked 
| 114|0x0000000087200000, 0x0000000087200000, 0x0000000087300000|  0%| F|  |TAMS 0x0000000087200000| PB 0x0000000087200000| Untracked 
| 115|0x0000000087300000, 0x0000000087300000, 0x0000000087400000|  0%| F|  |TAMS 0x0000000087300000| PB 0x0000000087300000| Untracked 
| 116|0x0000000087400000, 0x0000000087400000, 0x0000000087500000|  0%| F|  |TAMS 0x0000000087400000| PB 0x0000000087400000| Untracked 
| 117|0x0000000087500000, 0x0000000087500000, 0x0000000087600000|  0%| F|  |TAMS 0x0000000087500000| PB 0x0000000087500000| Untracked 
| 118|0x0000000087600000, 0x0000000087600000, 0x0000000087700000|  0%| F|  |TAMS 0x0000000087600000| PB 0x0000000087600000| Untracked 
| 119|0x0000000087700000, 0x0000000087700000, 0x0000000087800000|  0%| F|  |TAMS 0x0000000087700000| PB 0x0000000087700000| Untracked 
| 120|0x0000000087800000, 0x0000000087800000, 0x0000000087900000|  0%| F|  |TAMS 0x0000000087800000| PB 0x0000000087800000| Untracked 
| 121|0x0000000087900000, 0x0000000087900000, 0x0000000087a00000|  0%| F|  |TAMS 0x0000000087900000| PB 0x0000000087900000| Untracked 
| 122|0x0000000087a00000, 0x0000000087a00000, 0x0000000087b00000|  0%| F|  |TAMS 0x0000000087a00000| PB 0x0000000087a00000| Untracked 
| 123|0x0000000087b00000, 0x0000000087b00000, 0x0000000087c00000|  0%| F|  |TAMS 0x0000000087b00000| PB 0x0000000087b00000| Untracked 
| 124|0x0000000087c00000, 0x0000000087c00000, 0x0000000087d00000|  0%| F|  |TAMS 0x0000000087c00000| PB 0x0000000087c00000| Untracked 
| 125|0x0000000087d00000, 0x0000000087d00000, 0x0000000087e00000|  0%| F|  |TAMS 0x0000000087d00000| PB 0x0000000087d00000| Untracked 
| 126|0x0000000087e00000, 0x0000000087e00000, 0x0000000087f00000|  0%| F|  |TAMS 0x0000000087e00000| PB 0x0000000087e00000| Untracked 
| 127|0x0000000087f00000, 0x0000000087f00000, 0x0000000088000000|  0%| F|  |TAMS 0x0000000087f00000| PB 0x0000000087f00000| Untracked 
| 128|0x0000000088000000, 0x0000000088000000, 0x0000000088100000|  0%| F|  |TAMS 0x0000000088000000| PB 0x0000000088000000| Untracked 
| 129|0x0000000088100000, 0x0000000088100000, 0x0000000088200000|  0%| F|  |TAMS 0x0000000088100000| PB 0x0000000088100000| Untracked 
| 130|0x0000000088200000, 0x0000000088200000, 0x0000000088300000|  0%| F|  |TAMS 0x0000000088200000| PB 0x0000000088200000| Untracked 
| 131|0x0000000088300000, 0x0000000088300000, 0x0000000088400000|  0%| F|  |TAMS 0x0000000088300000| PB 0x0000000088300000| Untracked 
| 132|0x0000000088400000, 0x0000000088400000, 0x0000000088500000|  0%| F|  |TAMS 0x0000000088400000| PB 0x0000000088400000| Untracked 
| 133|0x0000000088500000, 0x0000000088500000, 0x0000000088600000|  0%| F|  |TAMS 0x0000000088500000| PB 0x0000000088500000| Untracked 
| 134|0x0000000088600000, 0x0000000088600000, 0x0000000088700000|  0%| F|  |TAMS 0x0000000088600000| PB 0x0000000088600000| Untracked 
| 135|0x0000000088700000, 0x0000000088700000, 0x0000000088800000|  0%| F|  |TAMS 0x0000000088700000| PB 0x0000000088700000| Untracked 
| 136|0x0000000088800000, 0x0000000088800000, 0x0000000088900000|  0%| F|  |TAMS 0x0000000088800000| PB 0x0000000088800000| Untracked 
| 137|0x0000000088900000, 0x0000000088900000, 0x0000000088a00000|  0%| F|  |TAMS 0x0000000088900000| PB 0x0000000088900000| Untracked 
| 138|0x0000000088a00000, 0x0000000088a00000, 0x0000000088b00000|  0%| F|  |TAMS 0x0000000088a00000| PB 0x0000000088a00000| Untracked 
| 139|0x0000000088b00000, 0x0000000088b00000, 0x0000000088c00000|  0%| F|  |TAMS 0x0000000088b00000| PB 0x0000000088b00000| Untracked 
| 140|0x0000000088c00000, 0x0000000088c00000, 0x0000000088d00000|  0%| F|  |TAMS 0x0000000088c00000| PB 0x0000000088c00000| Untracked 
| 141|0x0000000088d00000, 0x0000000088d00000, 0x0000000088e00000|  0%| F|  |TAMS 0x0000000088d00000| PB 0x0000000088d00000| Untracked 
| 142|0x0000000088e00000, 0x0000000088e00000, 0x0000000088f00000|  0%| F|  |TAMS 0x0000000088e00000| PB 0x0000000088e00000| Untracked 
| 143|0x0000000088f00000, 0x0000000088f00000, 0x0000000089000000|  0%| F|  |TAMS 0x0000000088f00000| PB 0x0000000088f00000| Untracked 
| 144|0x0000000089000000, 0x0000000089000000, 0x0000000089100000|  0%| F|  |TAMS 0x0000000089000000| PB 0x0000000089000000| Untracked 
| 145|0x0000000089100000, 0x0000000089100000, 0x0000000089200000|  0%| F|  |TAMS 0x0000000089100000| PB 0x0000000089100000| Untracked 
| 146|0x0000000089200000, 0x0000000089200000, 0x0000000089300000|  0%| F|  |TAMS 0x0000000089200000| PB 0x0000000089200000| Untracked 
| 147|0x0000000089300000, 0x0000000089300000, 0x0000000089400000|  0%| F|  |TAMS 0x0000000089300000| PB 0x0000000089300000| Untracked 
| 148|0x0000000089400000, 0x0000000089400000, 0x0000000089500000|  0%| F|  |TAMS 0x0000000089400000| PB 0x0000000089400000| Untracked 
| 149|0x0000000089500000, 0x0000000089500000, 0x0000000089600000|  0%| F|  |TAMS 0x0000000089500000| PB 0x0000000089500000| Untracked 
| 150|0x0000000089600000, 0x0000000089600000, 0x0000000089700000|  0%| F|  |TAMS 0x0000000089600000| PB 0x0000000089600000| Untracked 
| 151|0x0000000089700000, 0x0000000089700000, 0x0000000089800000|  0%| F|  |TAMS 0x0000000089700000| PB 0x0000000089700000| Untracked 
| 152|0x0000000089800000, 0x0000000089800000, 0x0000000089900000|  0%| F|  |TAMS 0x0000000089800000| PB 0x0000000089800000| Untracked 
| 153|0x0000000089900000, 0x0000000089900000, 0x0000000089a00000|  0%| F|  |TAMS 0x0000000089900000| PB 0x0000000089900000| Untracked 
| 154|0x0000000089a00000, 0x0000000089a00000, 0x0000000089b00000|  0%| F|  |TAMS 0x0000000089a00000| PB 0x0000000089a00000| Untracked 
| 155|0x0000000089b00000, 0x0000000089b00000, 0x0000000089c00000|  0%| F|  |TAMS 0x0000000089b00000| PB 0x0000000089b00000| Untracked 
| 156|0x0000000089c00000, 0x0000000089c00000, 0x0000000089d00000|  0%| F|  |TAMS 0x0000000089c00000| PB 0x0000000089c00000| Untracked 
| 157|0x0000000089d00000, 0x0000000089d00000, 0x0000000089e00000|  0%| F|  |TAMS 0x0000000089d00000| PB 0x0000000089d00000| Untracked 
| 158|0x0000000089e00000, 0x0000000089e00000, 0x0000000089f00000|  0%| F|  |TAMS 0x0000000089e00000| PB 0x0000000089e00000| Untracked 
| 159|0x0000000089f00000, 0x0000000089f00000, 0x000000008a000000|  0%| F|  |TAMS 0x0000000089f00000| PB 0x0000000089f00000| Untracked 
| 160|0x000000008a000000, 0x000000008a000000, 0x000000008a100000|  0%| F|  |TAMS 0x000000008a000000| PB 0x000000008a000000| Untracked 
| 161|0x000000008a100000, 0x000000008a100000, 0x000000008a200000|  0%| F|  |TAMS 0x000000008a100000| PB 0x000000008a100000| Untracked 
| 162|0x000000008a200000, 0x000000008a200000, 0x000000008a300000|  0%| F|  |TAMS 0x000000008a200000| PB 0x000000008a200000| Untracked 
| 163|0x000000008a300000, 0x000000008a300000, 0x000000008a400000|  0%| F|  |TAMS 0x000000008a300000| PB 0x000000008a300000| Untracked 
| 164|0x000000008a400000, 0x000000008a400000, 0x000000008a500000|  0%| F|  |TAMS 0x000000008a400000| PB 0x000000008a400000| Untracked 
| 165|0x000000008a500000, 0x000000008a500000, 0x000000008a600000|  0%| F|  |TAMS 0x000000008a500000| PB 0x000000008a500000| Untracked 
| 166|0x000000008a600000, 0x000000008a600000, 0x000000008a700000|  0%| F|  |TAMS 0x000000008a600000| PB 0x000000008a600000| Untracked 
| 167|0x000000008a700000, 0x000000008a700000, 0x000000008a800000|  0%| F|  |TAMS 0x000000008a700000| PB 0x000000008a700000| Untracked 
| 168|0x000000008a800000, 0x000000008a900000, 0x000000008a900000|100%| S|CS|TAMS 0x000000008a800000| PB 0x000000008a800000| Complete 
| 169|0x000000008a900000, 0x000000008a900000, 0x000000008aa00000|  0%| F|  |TAMS 0x000000008a900000| PB 0x000000008a900000| Untracked 
| 170|0x000000008aa00000, 0x000000008aa00000, 0x000000008ab00000|  0%| F|  |TAMS 0x000000008aa00000| PB 0x000000008aa00000| Untracked 
| 171|0x000000008ab00000, 0x000000008ab00000, 0x000000008ac00000|  0%| F|  |TAMS 0x000000008ab00000| PB 0x000000008ab00000| Untracked 
| 172|0x000000008ac00000, 0x000000008ac00000, 0x000000008ad00000|  0%| F|  |TAMS 0x000000008ac00000| PB 0x000000008ac00000| Untracked 
| 173|0x000000008ad00000, 0x000000008ad00000, 0x000000008ae00000|  0%| F|  |TAMS 0x000000008ad00000| PB 0x000000008ad00000| Untracked 
| 174|0x000000008ae00000, 0x000000008ae00000, 0x000000008af00000|  0%| F|  |TAMS 0x000000008ae00000| PB 0x000000008ae00000| Untracked 
| 175|0x000000008af00000, 0x000000008af00000, 0x000000008b000000|  0%| F|  |TAMS 0x000000008af00000| PB 0x000000008af00000| Untracked 
| 176|0x000000008b000000, 0x000000008b000000, 0x000000008b100000|  0%| F|  |TAMS 0x000000008b000000| PB 0x000000008b000000| Untracked 
|2046|0x00000000ffe00000, 0x00000000fff00000, 0x00000000fff00000|100%| O|  |TAMS 0x00000000fff00000| PB 0x00000000ffe00000| Untracked 
|2047|0x00000000fff00000, 0x0000000100000000, 0x0000000100000000|100%| O|  |TAMS 0x0000000100000000| PB 0x00000000fff00000| Untracked 

Card table byte_map: [0x00000299781f0000,0x00000299785f0000] _byte_map_base: 0x0000029977df0000

Marking Bits: (CMBitMap*) 0x0000029974d014d0
 Bits: [0x00000299785f0000, 0x000002997a5f0000)

Polling page: 0x0000029972c70000

Metaspace:

Usage:
  Non-class:     61.65 MB used.
      Class:      9.73 MB used.
       Both:     71.38 MB used.

Virtual space:
  Non-class space:       64.00 MB reserved,      62.56 MB ( 98%) committed,  1 nodes.
      Class space:        1.00 GB reserved,      10.62 MB (  1%) committed,  1 nodes.
             Both:        1.06 GB reserved,      73.19 MB (  7%) committed. 

Chunk freelists:
   Non-Class:  1.11 MB
       Class:  5.22 MB
        Both:  6.33 MB

MaxMetaspaceSize: unlimited
CompressedClassSpaceSize: 1.00 GB
Initial GC threshold: 21.00 MB
Current GC threshold: 122.00 MB
CDS: off
 - commit_granule_bytes: 65536.
 - commit_granule_words: 8192.
 - virtual_space_node_default_size: 8388608.
 - enlarge_chunks_in_place: 1.
 - use_allocation_guard: 0.


Internal statistics:

num_allocs_failed_limit: 6.
num_arena_births: 3266.
num_arena_deaths: 0.
num_vsnodes_births: 2.
num_vsnodes_deaths: 0.
num_space_committed: 1171.
num_space_uncommitted: 0.
num_chunks_returned_to_freelist: 6.
num_chunks_taken_from_freelist: 6288.
num_chunk_merges: 6.
num_chunk_splits: 4089.
num_chunks_enlarged: 2531.
num_inconsistent_stats: 0.

CodeHeap 'non-profiled nmethods': size=120064Kb used=4236Kb max_used=4236Kb free=115827Kb
 bounds [0x0000029907ac0000, 0x0000029907ef0000, 0x000002990f000000]
CodeHeap 'profiled nmethods': size=120000Kb used=14334Kb max_used=14514Kb free=105665Kb
 bounds [0x0000029900000000, 0x0000029900e30000, 0x0000029907530000]
CodeHeap 'non-nmethods': size=5696Kb used=3004Kb max_used=3022Kb free=2691Kb
 bounds [0x0000029907530000, 0x0000029907830000, 0x0000029907ac0000]
 total_blobs=8743 nmethods=7851 adapters=795
 compilation: enabled
              stopped_count=0, restarted_count=0
 full_count=0

Compilation events (20 events):
Event: 292.054 Thread 0x000002997cb59a10 nmethod 9220 0x0000029907edc310 code [0x0000029907edc4a0, 0x0000029907edc530]
Event: 292.095 Thread 0x000002997cb59a10 9221       4       org.gradle.internal.snapshot.AbstractListChildMap::store (72 bytes)
Event: 292.096 Thread 0x000002997cb5a4b0 9222       3       java.util.concurrent.ConcurrentHashMap::resizeStamp (9 bytes)
Event: 292.096 Thread 0x000002997cb5a4b0 nmethod 9222 0x0000029900017590 code [0x0000029900017740, 0x0000029900017858]
Event: 292.125 Thread 0x000002997cb5a4b0 9224       3       org.gradle.api.internal.artifacts.transform.TransformStep$$Lambda/0x0000000100822c60::get (24 bytes)
Event: 292.132 Thread 0x000002997cb5a4b0 nmethod 9224 0x0000029900527310 code [0x00000299005274c0, 0x0000029900527618]
Event: 292.132 Thread 0x000002997cb5a4b0 9225       3       org.gradle.api.internal.artifacts.transform.TransformStep::lambda$createInvocation$0 (10 bytes)
Event: 292.132 Thread 0x000002997cb5a4b0 nmethod 9225 0x0000029900056d10 code [0x0000029900056ec0, 0x0000029900056ff8]
Event: 292.141 Thread 0x000002997cb59a10 nmethod 9221 0x0000029907edc610 code [0x0000029907edca60, 0x0000029907edef88]
Event: 292.141 Thread 0x000002997cb59a10 9223       4       com.esotericsoftware.kryo.io.Input::readVarInt (192 bytes)
Event: 292.145 Thread 0x000002997cb59a10 nmethod 9223 0x0000029907ee1290 code [0x0000029907ee1460, 0x0000029907ee18f8]
Event: 292.159 Thread 0x000002997cb59a10 9226       4       com.google.common.collect.SingletonImmutableList::get (11 bytes)
Event: 292.160 Thread 0x000002997cb59a10 nmethod 9226 0x0000029907ee1c10 code [0x0000029907ee1da0, 0x0000029907ee1e50]
Event: 292.168 Thread 0x000002997cb59a10 9227       4       com.google.common.cache.Striped64::casBase (13 bytes)
Event: 292.171 Thread 0x000002997cb59a10 nmethod 9227 0x0000029907ee1f10 code [0x0000029907ee20a0, 0x0000029907ee2140]
Event: 292.346 Thread 0x000002997cb59a10 9228       4       org.gradle.internal.logging.sink.OutputEventRenderer::onOutput (82 bytes)
Event: 292.363 Thread 0x000002997cb59a10 nmethod 9228 0x0000029907ee2210 code [0x0000029907ee23e0, 0x0000029907ee2650]
Event: 292.426 Thread 0x000002997cb59a10 9229       4       org.gradle.internal.logging.sink.OutputEventListenerManager$1::onOutput (33 bytes)
Event: 292.433 Thread 0x000002997cb59a10 nmethod 9229 0x0000029907ee2890 code [0x0000029907ee2aa0, 0x0000029907ee2e78]
Event: 292.433 Thread 0x000002997cb59a10 9230       4       org.gradle.internal.logging.sink.OutputEventTransformer::onOutput (369 bytes)

GC Heap History (20 events):
Event: 241.189 GC heap after
{Heap after GC invocations=36 (full 0):
 garbage-first heap   total 143360K, used 84581K [0x0000000080000000, 0x0000000100000000)
  region size 1024K, 5 young (5120K), 5 survivors (5120K)
 Metaspace       used 72860K, committed 74688K, reserved 1114112K
  class space    used 9961K, committed 10880K, reserved 1048576K
}
Event: 241.206 GC heap before
{Heap before GC invocations=36 (full 0):
 garbage-first heap   total 143360K, used 86629K [0x0000000080000000, 0x0000000100000000)
  region size 1024K, 7 young (7168K), 5 survivors (5120K)
 Metaspace       used 72860K, committed 74688K, reserved 1114112K
  class space    used 9961K, committed 10880K, reserved 1048576K
}
Event: 241.260 GC heap after
{Heap after GC invocations=37 (full 0):
 garbage-first heap   total 143360K, used 85030K [0x0000000080000000, 0x0000000100000000)
  region size 1024K, 1 young (1024K), 1 survivors (1024K)
 Metaspace       used 72860K, committed 74688K, reserved 1114112K
  class space    used 9961K, committed 10880K, reserved 1048576K
}
Event: 254.784 GC heap before
{Heap before GC invocations=38 (full 0):
 garbage-first heap   total 152576K, used 91174K [0x0000000080000000, 0x0000000100000000)
  region size 1024K, 7 young (7168K), 1 survivors (1024K)
 Metaspace       used 72910K, committed 74752K, reserved 1114112K
  class space    used 9961K, committed 10880K, reserved 1048576K
}
Event: 254.792 GC heap after
{Heap after GC invocations=39 (full 0):
 garbage-first heap   total 183296K, used 85410K [0x0000000080000000, 0x0000000100000000)
  region size 1024K, 1 young (1024K), 1 survivors (1024K)
 Metaspace       used 72910K, committed 74752K, reserved 1114112K
  class space    used 9961K, committed 10880K, reserved 1048576K
}
Event: 261.869 GC heap before
{Heap before GC invocations=39 (full 0):
 garbage-first heap   total 183296K, used 155042K [0x0000000080000000, 0x0000000100000000)
  region size 1024K, 70 young (71680K), 1 survivors (1024K)
 Metaspace       used 73077K, committed 74880K, reserved 1114112K
  class space    used 9961K, committed 10880K, reserved 1048576K
}
Event: 261.907 GC heap after
{Heap after GC invocations=40 (full 0):
 garbage-first heap   total 183296K, used 88330K [0x0000000080000000, 0x0000000100000000)
  region size 1024K, 5 young (5120K), 5 survivors (5120K)
 Metaspace       used 73077K, committed 74880K, reserved 1114112K
  class space    used 9961K, committed 10880K, reserved 1048576K
}
Event: 261.970 GC heap before
{Heap before GC invocations=40 (full 0):
 garbage-first heap   total 183296K, used 91402K [0x0000000080000000, 0x0000000100000000)
  region size 1024K, 8 young (8192K), 5 survivors (5120K)
 Metaspace       used 73077K, committed 74880K, reserved 1114112K
  class space    used 9961K, committed 10880K, reserved 1048576K
}
Event: 262.003 GC heap after
{Heap after GC invocations=41 (full 0):
 garbage-first heap   total 183296K, used 88637K [0x0000000080000000, 0x0000000100000000)
  region size 1024K, 1 young (1024K), 1 survivors (1024K)
 Metaspace       used 73077K, committed 74880K, reserved 1114112K
  class space    used 9961K, committed 10880K, reserved 1048576K
}
Event: 262.466 GC heap before
{Heap before GC invocations=41 (full 0):
 garbage-first heap   total 183296K, used 94781K [0x0000000080000000, 0x0000000100000000)
  region size 1024K, 8 young (8192K), 1 survivors (1024K)
 Metaspace       used 73080K, committed 74944K, reserved 1114112K
  class space    used 9962K, committed 10880K, reserved 1048576K
}
Event: 262.480 GC heap after
{Heap after GC invocations=42 (full 0):
 garbage-first heap   total 183296K, used 90515K [0x0000000080000000, 0x0000000100000000)
  region size 1024K, 1 young (1024K), 1 survivors (1024K)
 Metaspace       used 73080K, committed 74944K, reserved 1114112K
  class space    used 9962K, committed 10880K, reserved 1048576K
}
Event: 271.529 GC heap before
{Heap before GC invocations=43 (full 0):
 garbage-first heap   total 183296K, used 96659K [0x0000000080000000, 0x0000000100000000)
  region size 1024K, 10 young (10240K), 1 survivors (1024K)
 Metaspace       used 73081K, committed 74944K, reserved 1114112K
  class space    used 9962K, committed 10880K, reserved 1048576K
}
Event: 278.153 GC heap after
{Heap after GC invocations=44 (full 0):
 garbage-first heap   total 183296K, used 87889K [0x0000000080000000, 0x0000000100000000)
  region size 1024K, 1 young (1024K), 1 survivors (1024K)
 Metaspace       used 73081K, committed 74944K, reserved 1114112K
  class space    used 9962K, committed 10880K, reserved 1048576K
}
Event: 291.976 GC heap before
{Heap before GC invocations=44 (full 0):
 garbage-first heap   total 183296K, used 94033K [0x0000000080000000, 0x0000000100000000)
  region size 1024K, 8 young (8192K), 1 survivors (1024K)
 Metaspace       used 73086K, committed 74944K, reserved 1114112K
  class space    used 9962K, committed 10880K, reserved 1048576K
}
Event: 291.994 GC heap after
{Heap after GC invocations=45 (full 0):
 garbage-first heap   total 183296K, used 88941K [0x0000000080000000, 0x0000000100000000)
  region size 1024K, 1 young (1024K), 1 survivors (1024K)
 Metaspace       used 73086K, committed 74944K, reserved 1114112K
  class space    used 9962K, committed 10880K, reserved 1048576K
}
Event: 292.072 GC heap before
{Heap before GC invocations=45 (full 0):
 garbage-first heap   total 183296K, used 95085K [0x0000000080000000, 0x0000000100000000)
  region size 1024K, 8 young (8192K), 1 survivors (1024K)
 Metaspace       used 73087K, committed 74944K, reserved 1114112K
  class space    used 9962K, committed 10880K, reserved 1048576K
}
Event: 292.091 GC heap after
{Heap after GC invocations=46 (full 0):
 garbage-first heap   total 183296K, used 90268K [0x0000000080000000, 0x0000000100000000)
  region size 1024K, 1 young (1024K), 1 survivors (1024K)
 Metaspace       used 73087K, committed 74944K, reserved 1114112K
  class space    used 9962K, committed 10880K, reserved 1048576K
}
Event: 292.177 GC heap before
{Heap before GC invocations=46 (full 0):
 garbage-first heap   total 183296K, used 97436K [0x0000000080000000, 0x0000000100000000)
  region size 1024K, 8 young (8192K), 1 survivors (1024K)
 Metaspace       used 73089K, committed 74944K, reserved 1114112K
  class space    used 9962K, committed 10880K, reserved 1048576K
}
Event: 292.205 GC heap after
{Heap after GC invocations=47 (full 0):
 garbage-first heap   total 183296K, used 92025K [0x0000000080000000, 0x0000000100000000)
  region size 1024K, 1 young (1024K), 1 survivors (1024K)
 Metaspace       used 73089K, committed 74944K, reserved 1114112K
  class space    used 9962K, committed 10880K, reserved 1048576K
}
Event: 292.443 GC heap before
{Heap before GC invocations=47 (full 0):
 garbage-first heap   total 183296K, used 99193K [0x0000000080000000, 0x0000000100000000)
  region size 1024K, 8 young (8192K), 1 survivors (1024K)
 Metaspace       used 73089K, committed 74944K, reserved 1114112K
  class space    used 9962K, committed 10880K, reserved 1048576K
}

Dll operation events (3 events):
Event: 0.215 Loaded shared library C:\Program Files\Android\Android Studio\jbr\bin\java.dll
Event: 0.462 Loaded shared library C:\Program Files\Android\Android Studio\jbr\bin\zip.dll
Event: 6.696 Loaded shared library C:\Program Files\Android\Android Studio\jbr\bin\verify.dll

Deoptimization events (20 events):
Event: 262.327 Thread 0x000002997e4e55a0 Uncommon trap: trap_request=0xffffffbe fr.pc=0x0000029907ec8770 relative=0x0000000000000bf0
Event: 262.327 Thread 0x000002997e4e55a0 Uncommon trap: reason=profile_predicate action=maybe_recompile pc=0x0000029907ec8770 method=org.gradle.tooling.internal.provider.runner.ClientBuildEventGenerator.started(Lorg/gradle/internal/operations/BuildOperationDescriptor;Lorg/gradle/internal/operati
Event: 262.327 Thread 0x000002997e4e55a0 DEOPT PACKING pc=0x0000029907ec8770 sp=0x000000e9302fe970
Event: 262.327 Thread 0x000002997e4e55a0 DEOPT UNPACKING pc=0x0000029907587da2 sp=0x000000e9302fe928 mode 2
Event: 262.527 Thread 0x000002997e4e06e0 Uncommon trap: trap_request=0xfffffff4 fr.pc=0x0000029907ece8f8 relative=0x0000000000000d78
Event: 262.527 Thread 0x000002997e4e06e0 Uncommon trap: reason=null_check action=make_not_entrant pc=0x0000029907ece8f8 method=org.gradle.tooling.internal.provider.runner.ClientBuildEventGenerator$Enabled.accept(Lorg/gradle/internal/operations/BuildOperationDescriptor;)Lorg/gradle/tooling/intern
Event: 262.527 Thread 0x000002997e4e06e0 DEOPT PACKING pc=0x0000029907ece8f8 sp=0x000000e9303fe8a0
Event: 262.527 Thread 0x000002997e4e06e0 DEOPT UNPACKING pc=0x0000029907587da2 sp=0x000000e9303fe7d8 mode 2
Event: 262.605 Thread 0x000002997e4e55a0 Uncommon trap: trap_request=0xffffff45 fr.pc=0x0000029907e96e48 relative=0x00000000000000a8
Event: 262.605 Thread 0x000002997e4e55a0 Uncommon trap: reason=unstable_if action=reinterpret pc=0x0000029907e96e48 method=com.google.common.cache.LongAdder.add(J)V @ 24 c2
Event: 262.605 Thread 0x000002997e4e55a0 DEOPT PACKING pc=0x0000029907e96e48 sp=0x000000e9302fbdc0
Event: 262.605 Thread 0x000002997e4e55a0 DEOPT UNPACKING pc=0x0000029907587da2 sp=0x000000e9302fbd00 mode 2
Event: 292.095 Thread 0x000002997e1fa170 Uncommon trap: trap_request=0xffffffde fr.pc=0x0000029907d7761c relative=0x00000000000002dc
Event: 292.095 Thread 0x000002997e1fa170 Uncommon trap: reason=class_check action=maybe_recompile pc=0x0000029907d7761c method=java.util.concurrent.ConcurrentHashMap.get(Ljava/lang/Object;)Ljava/lang/Object; @ 93 c2
Event: 292.095 Thread 0x000002997e1fa170 DEOPT PACKING pc=0x0000029907d7761c sp=0x000000e92e6f6830
Event: 292.095 Thread 0x000002997e4e06e0 Uncommon trap: trap_request=0xffffffde fr.pc=0x0000029907d7761c relative=0x00000000000002dc
Event: 292.095 Thread 0x000002997e4e06e0 Uncommon trap: reason=class_check action=maybe_recompile pc=0x0000029907d7761c method=java.util.concurrent.ConcurrentHashMap.get(Ljava/lang/Object;)Ljava/lang/Object; @ 93 c2
Event: 292.095 Thread 0x000002997e4e06e0 DEOPT PACKING pc=0x0000029907d7761c sp=0x000000e9303fe1e0
Event: 292.098 Thread 0x000002997e1fa170 DEOPT UNPACKING pc=0x0000029907587da2 sp=0x000000e92e6f6798 mode 2
Event: 292.101 Thread 0x000002997e4e06e0 DEOPT UNPACKING pc=0x0000029907587da2 sp=0x000000e9303fe148 mode 2

Classes loaded (20 events):
Event: 141.020 Loading class java/util/concurrent/RecursiveAction
Event: 141.023 Loading class java/util/concurrent/RecursiveAction done
Event: 141.452 Loading class java/lang/invoke/SerializedLambda$1
Event: 141.453 Loading class java/lang/invoke/SerializedLambda$1 done
Event: 141.648 Loading class org/xml/sax/Locator
Event: 141.648 Loading class org/xml/sax/Locator done
Event: 141.651 Loading class org/xml/sax/SAXParseException
Event: 141.652 Loading class org/xml/sax/SAXParseException done
Event: 141.652 Loading class org/xml/sax/Attributes
Event: 141.653 Loading class org/xml/sax/Attributes done
Event: 142.566 Loading class java/util/DualPivotQuicksort
Event: 142.568 Loading class java/util/DualPivotQuicksort done
Event: 145.792 Loading class java/util/function/LongUnaryOperator
Event: 145.793 Loading class java/util/function/LongUnaryOperator done
Event: 175.398 Loading class java/util/Collections$ReverseComparator
Event: 175.550 Loading class java/util/Collections$ReverseComparator done
Event: 175.579 Loading class java/util/Collections$ReverseComparator2
Event: 175.618 Loading class java/util/Collections$ReverseComparator2 done
Event: 240.292 Loading class java/lang/foreign/MemorySegment
Event: 240.620 Loading class java/lang/foreign/MemorySegment done

Classes unloaded (0 events):
No events

Classes redefined (0 events):
No events

Internal exceptions (20 events):
Event: 146.496 Thread 0x000002997e1fa170 Exception <a 'java/lang/NoSuchMethodError'{0x00000000875baf80}: 'java.lang.Object java.lang.invoke.DirectMethodHandle$Holder.invokeSpecial(java.lang.Object, java.lang.Object, java.lang.Object, java.lang.Object, java.lang.Object, java.lang.Object, java.lang.Object, java.lang.Object, java.lang.Object, java.lang.Object, java.lang.Object, java.lang.Object, java.lang.Object, java.lang.Object, java.lang.Object, java.lang.Object, java.lang.Object, java.lang.Object)'> (0x00000000875baf80) 
thrown [s\src\hotspot\sh
Event: 146.497 Thread 0x000002997e1fa170 Exception <a 'java/lang/NoSuchMethodError'{0x00000000875c0778}: 'java.lang.Object java.lang.invoke.DelegatingMethodHandle$Holder.reinvoke_L(java.lang.Object, java.lang.Object, java.lang.Object, java.lang.Object, java.lang.Object, java.lang.Object, java.lang.Object, java.lang.Object, java.lang.Object, java.lang.Object, java.lang.Object, java.lang.Object, java.lang.Object, java.lang.Object, java.lang.Object, java.lang.Object, java.lang.Object)'> (0x00000000875c0778) 
thrown [s\src\hotspot\share\interpreter\l
Event: 146.584 Thread 0x000002997e1fa170 Exception <a 'java/lang/NoSuchMethodError'{0x000000008744e9f8}: 'void java.lang.invoke.DirectMethodHandle$Holder.invokeStatic(java.lang.Object, java.lang.Object, java.lang.Object, java.lang.Object, java.lang.Object, java.lang.Object)'> (0x000000008744e9f8) 
thrown [s\src\hotspot\share\interpreter\linkResolver.cpp, line 784]
Event: 158.066 Thread 0x000002997e1fa170 Exception <a 'java/lang/NoSuchMethodError'{0x0000000086fd2120}: static Lorg/gradle/api/internal/catalog/DefaultVersionCatalog;.<clinit>()V> (0x0000000086fd2120) 
thrown [s\src\hotspot\share\prims\jni.cpp, line 1126]
Event: 158.562 Thread 0x000002997e1fa170 Exception <a 'java/lang/NoSuchMethodError'{0x0000000086e2a780}: static [Ljava/lang/Object;.<clinit>()V> (0x0000000086e2a780) 
thrown [s\src\hotspot\share\prims\jni.cpp, line 1126]
Event: 158.573 Thread 0x000002997e1fa170 Exception <a 'java/lang/NoSuchMethodError'{0x0000000086e53b10}: static Lorg/gradle/api/internal/catalog/DependencyModel;.<clinit>()V> (0x0000000086e53b10) 
thrown [s\src\hotspot\share\prims\jni.cpp, line 1126]
Event: 158.575 Thread 0x000002997e1fa170 Exception <a 'java/lang/NoSuchMethodError'{0x0000000086e57aa8}: static Lorg/gradle/api/internal/catalog/AbstractContextAwareModel;.<clinit>()V> (0x0000000086e57aa8) 
thrown [s\src\hotspot\share\prims\jni.cpp, line 1126]
Event: 158.628 Thread 0x000002997e1fa170 Exception <a 'java/lang/NoSuchMethodError'{0x0000000086e719d0}: static Lorg/gradle/api/internal/artifacts/dependencies/AbstractVersionConstraint;.<clinit>()V> (0x0000000086e719d0) 
thrown [s\src\hotspot\share\prims\jni.cpp, line 1126]
Event: 158.711 Thread 0x000002997e1fa170 Exception <a 'java/lang/NoSuchMethodError'{0x0000000086ec4e80}: static Lorg/gradle/api/internal/catalog/PluginModel;.<clinit>()V> (0x0000000086ec4e80) 
thrown [s\src\hotspot\share\prims\jni.cpp, line 1126]
Event: 158.717 Thread 0x000002997e1fa170 Exception <a 'java/lang/NoSuchMethodError'{0x0000000086edc6a0}: static Lorg/gradle/api/internal/catalog/VersionModel;.<clinit>()V> (0x0000000086edc6a0) 
thrown [s\src\hotspot\share\prims\jni.cpp, line 1126]
Event: 164.077 Thread 0x000002997e1fa170 Exception <a 'java/lang/NoSuchMethodError'{0x0000000086ad0830}: 'int java.lang.invoke.DirectMethodHandle$Holder.invokeSpecialIFC(java.lang.Object, java.lang.Object, java.lang.Object)'> (0x0000000086ad0830) 
thrown [s\src\hotspot\share\interpreter\linkResolver.cpp, line 784]
Event: 168.829 Thread 0x000002997e1fa170 Exception <a 'java/lang/NoSuchMethodError'{0x0000000086695568}: 'java.lang.Object java.lang.invoke.DirectMethodHandle$Holder.invokeSpecial(java.lang.Object, java.lang.Object, java.lang.Object, java.lang.Object, java.lang.Object, long)'> (0x0000000086695568) 
thrown [s\src\hotspot\share\interpreter\linkResolver.cpp, line 784]
Event: 168.893 Thread 0x000002997e1fa170 Exception <a 'java/lang/NoSuchMethodError'{0x00000000866b56e8}: 'void java.lang.invoke.DirectMethodHandle$Holder.invokeStatic(java.lang.Object, java.lang.Object, java.lang.Object, int, java.lang.Object)'> (0x00000000866b56e8) 
thrown [s\src\hotspot\share\interpreter\linkResolver.cpp, line 784]
Event: 169.187 Thread 0x000002997e1fa170 Implicit null exception at 0x0000029907dc4c1d to 0x0000029907dc4e84
Event: 261.366 Thread 0x000002997e1fa170 Implicit null exception at 0x0000029907ebc7e9 to 0x0000029907ebc88c
Event: 262.093 Thread 0x000002997e4e55a0 Implicit null exception at 0x0000029907ec7ec4 to 0x0000029907ec8760
Event: 262.222 Thread 0x000002997e4e06e0 Implicit null exception at 0x0000029907ec7ec4 to 0x0000029907ec8760
Event: 262.255 Thread 0x000002997e1fa170 Implicit null exception at 0x0000029907ec7ec4 to 0x0000029907ec8760
Event: 262.327 Thread 0x000002997e4e55a0 Implicit null exception at 0x0000029907ec7ec4 to 0x0000029907ec8760
Event: 262.527 Thread 0x000002997e4e06e0 Implicit null exception at 0x0000029907ecdf40 to 0x0000029907ece8d8

ZGC Phase Switch (0 events):
No events

VM Operations (20 events):
Event: 267.337 Executing VM operation: G1PauseCleanup done
Event: 268.345 Executing VM operation: Cleanup
Event: 268.345 Executing VM operation: Cleanup done
Event: 271.529 Executing VM operation: G1CollectForAllocation (G1 Evacuation Pause)
Event: 278.154 Executing VM operation: G1CollectForAllocation (G1 Evacuation Pause) done
Event: 284.194 Executing VM operation: Cleanup
Event: 284.194 Executing VM operation: Cleanup done
Event: 285.205 Executing VM operation: Cleanup
Event: 285.205 Executing VM operation: Cleanup done
Event: 290.233 Executing VM operation: Cleanup
Event: 290.234 Executing VM operation: Cleanup done
Event: 291.243 Executing VM operation: Cleanup
Event: 291.243 Executing VM operation: Cleanup done
Event: 291.970 Executing VM operation: G1CollectForAllocation (G1 Evacuation Pause)
Event: 291.995 Executing VM operation: G1CollectForAllocation (G1 Evacuation Pause) done
Event: 292.072 Executing VM operation: G1CollectForAllocation (G1 Evacuation Pause)
Event: 292.091 Executing VM operation: G1CollectForAllocation (G1 Evacuation Pause) done
Event: 292.177 Executing VM operation: G1CollectForAllocation (G1 Evacuation Pause)
Event: 292.205 Executing VM operation: G1CollectForAllocation (G1 Evacuation Pause) done
Event: 292.442 Executing VM operation: G1CollectForAllocation (G1 Evacuation Pause)

Events (20 events):
Event: 267.270 Thread 0x000002997c894b00 flushing nmethod 0x00000299000aaf10
Event: 267.270 Thread 0x000002997c894b00 flushing nmethod 0x00000299000b5710
Event: 267.270 Thread 0x000002997c894b00 flushing nmethod 0x00000299000b5090
Event: 267.270 Thread 0x000002997c894b00 flushing nmethod 0x00000299000a1e10
Event: 267.270 Thread 0x000002997c894b00 flushing nmethod 0x000002990009d690
Event: 267.270 Thread 0x000002997c894b00 flushing nmethod 0x000002990009e910
Event: 267.270 Thread 0x000002997c894b00 flushing nmethod 0x000002990008ce10
Event: 267.270 Thread 0x000002997c894b00 flushing nmethod 0x0000029900075a90
Event: 267.270 Thread 0x000002997c894b00 flushing nmethod 0x0000029900075110
Event: 267.270 Thread 0x000002997c894b00 flushing nmethod 0x0000029900056d10
Event: 267.270 Thread 0x000002997c894b00 flushing nmethod 0x0000029900050f90
Event: 267.270 Thread 0x000002997c894b00 flushing nmethod 0x0000029900017590
Event: 267.270 Thread 0x000002997c894b00 flushing nmethod 0x0000029900000f90
Event: 267.270 Thread 0x000002997c894b00 flushing nmethod 0x0000029900000010
Event: 267.270 Thread 0x000002997c894b00 flushing nmethod 0x0000029907db8190
Event: 267.270 Thread 0x000002997c894b00 flushing nmethod 0x0000029907d42910
Event: 267.270 Thread 0x000002997c894b00 flushing nmethod 0x0000029907d57190
Event: 267.270 Thread 0x000002997c894b00 flushing nmethod 0x0000029907d3c910
Event: 267.270 Thread 0x000002997c894b00 flushing nmethod 0x0000029907d4d210
Event: 267.271 Thread 0x000002997c894b00 flushing nmethod 0x0000029907d2ad10


Dynamic libraries:
0x00007ff7e2850000 - 0x00007ff7e285a000 	C:\Program Files\Android\Android Studio\jbr\bin\java.exe
0x00007ffc29170000 - 0x00007ffc29387000 	C:\WINDOWS\SYSTEM32\ntdll.dll
0x00007ffc277d0000 - 0x00007ffc27894000 	C:\WINDOWS\System32\KERNEL32.DLL
0x00007ffc26610000 - 0x00007ffc269ca000 	C:\WINDOWS\System32\KERNELBASE.dll
0x00007ffc26400000 - 0x00007ffc26511000 	C:\WINDOWS\System32\ucrtbase.dll
0x00007ffc0c900000 - 0x00007ffc0c91b000 	C:\Program Files\Android\Android Studio\jbr\bin\VCRUNTIME140.dll
0x00007ffc1c370000 - 0x00007ffc1c388000 	C:\Program Files\Android\Android Studio\jbr\bin\jli.dll
0x00007ffc284b0000 - 0x00007ffc2865e000 	C:\WINDOWS\System32\USER32.dll
0x00007ffc269d0000 - 0x00007ffc269f6000 	C:\WINDOWS\System32\win32u.dll
0x00007ffc27640000 - 0x00007ffc27669000 	C:\WINDOWS\System32\GDI32.dll
0x00007ffc26c90000 - 0x00007ffc26dab000 	C:\WINDOWS\System32\gdi32full.dll
0x00007ffc26b70000 - 0x00007ffc26c0a000 	C:\WINDOWS\System32\msvcp_win.dll
0x00007ffc0e050000 - 0x00007ffc0e2e2000 	C:\WINDOWS\WinSxS\amd64_microsoft.windows.common-controls_6595b64144ccf1df_6.0.22621.4541_none_2710d1c57384c085\COMCTL32.dll
0x00007ffc28d70000 - 0x00007ffc28e17000 	C:\WINDOWS\System32\msvcrt.dll
0x00007ffc28ea0000 - 0x00007ffc28ed1000 	C:\WINDOWS\System32\IMM32.DLL
0x00007ffc1bc00000 - 0x00007ffc1bc0c000 	C:\Program Files\Android\Android Studio\jbr\bin\vcruntime140_1.dll
0x00007ffc028f0000 - 0x00007ffc0297d000 	C:\Program Files\Android\Android Studio\jbr\bin\msvcp140.dll
0x00007ffb912d0000 - 0x00007ffb91f4d000 	C:\Program Files\Android\Android Studio\jbr\bin\server\jvm.dll
0x00007ffc278a0000 - 0x00007ffc27952000 	C:\WINDOWS\System32\ADVAPI32.dll
0x00007ffc28280000 - 0x00007ffc28327000 	C:\WINDOWS\System32\sechost.dll
0x00007ffc265e0000 - 0x00007ffc26608000 	C:\WINDOWS\System32\bcrypt.dll
0x00007ffc27010000 - 0x00007ffc27124000 	C:\WINDOWS\System32\RPCRT4.dll
0x00007ffc28430000 - 0x00007ffc284a1000 	C:\WINDOWS\System32\WS2_32.dll
0x00007ffc262d0000 - 0x00007ffc2631d000 	C:\WINDOWS\SYSTEM32\POWRPROF.dll
0x00007ffc1e6c0000 - 0x00007ffc1e6ca000 	C:\WINDOWS\SYSTEM32\VERSION.dll
0x00007ffc1edc0000 - 0x00007ffc1edf4000 	C:\WINDOWS\SYSTEM32\WINMM.dll
0x00007ffc262b0000 - 0x00007ffc262c3000 	C:\WINDOWS\SYSTEM32\UMPDC.dll
0x00007ffc25410000 - 0x00007ffc25428000 	C:\WINDOWS\SYSTEM32\kernel.appcore.dll
0x00007ffc1bb40000 - 0x00007ffc1bb4a000 	C:\Program Files\Android\Android Studio\jbr\bin\jimage.dll
0x00007ffc23bf0000 - 0x00007ffc23e22000 	C:\WINDOWS\SYSTEM32\DBGHELP.DLL
0x00007ffc27130000 - 0x00007ffc274c1000 	C:\WINDOWS\System32\combase.dll
0x00007ffc276f0000 - 0x00007ffc277c7000 	C:\WINDOWS\System32\OLEAUT32.dll
0x00007ffc1d2f0000 - 0x00007ffc1d322000 	C:\WINDOWS\SYSTEM32\dbgcore.DLL
0x00007ffc26db0000 - 0x00007ffc26e2b000 	C:\WINDOWS\System32\bcryptPrimitives.dll
0x00007ffc1f030000 - 0x00007ffc1f03e000 	C:\Program Files\Android\Android Studio\jbr\bin\instrument.dll
0x00007ffc0c180000 - 0x00007ffc0c19f000 	C:\Program Files\Android\Android Studio\jbr\bin\java.dll
0x00007ffc0c040000 - 0x00007ffc0c058000 	C:\Program Files\Android\Android Studio\jbr\bin\zip.dll
0x00007ffc279f0000 - 0x00007ffc28269000 	C:\WINDOWS\System32\SHELL32.dll
0x00007ffc242f0000 - 0x00007ffc24bf9000 	C:\WINDOWS\SYSTEM32\windows.storage.dll
0x00007ffc241b0000 - 0x00007ffc242ef000 	C:\WINDOWS\SYSTEM32\wintypes.dll
0x00007ffc28330000 - 0x00007ffc2842a000 	C:\WINDOWS\System32\SHCORE.dll
0x00007ffc28d10000 - 0x00007ffc28d6e000 	C:\WINDOWS\System32\shlwapi.dll
0x00007ffc26330000 - 0x00007ffc2635b000 	C:\WINDOWS\SYSTEM32\profapi.dll
0x00007ffc1bb00000 - 0x00007ffc1bb10000 	C:\Program Files\Android\Android Studio\jbr\bin\net.dll
0x00007ffc203c0000 - 0x00007ffc204f6000 	C:\WINDOWS\SYSTEM32\WINHTTP.dll
0x00007ffc25890000 - 0x00007ffc258f9000 	C:\WINDOWS\system32\mswsock.dll
0x00007ffc042f0000 - 0x00007ffc04306000 	C:\Program Files\Android\Android Studio\jbr\bin\nio.dll
0x00007ffc14290000 - 0x00007ffc142a0000 	C:\Program Files\Android\Android Studio\jbr\bin\verify.dll
0x00007ffc00b30000 - 0x00007ffc00b57000 	C:\Users\praga\.gradle\native\c067742578af261105cb4f569cf0c3c89f3d7b1fecec35dd04571415982c5e48\windows-amd64\native-platform.dll
0x00007ffbd9420000 - 0x00007ffbd9564000 	C:\Users\praga\.gradle\native\100fb08df4bc3b14c8652ba06237920a3bd2aa13389f12d3474272988ae205f9\windows-amd64\native-platform-file-events.dll
0x00007ffc15e10000 - 0x00007ffc15e19000 	C:\Program Files\Android\Android Studio\jbr\bin\management.dll
0x00007ffc15070000 - 0x00007ffc1507b000 	C:\Program Files\Android\Android Studio\jbr\bin\management_ext.dll
0x00007ffc28270000 - 0x00007ffc28278000 	C:\WINDOWS\System32\PSAPI.DLL
0x00007ffc25b20000 - 0x00007ffc25b3b000 	C:\WINDOWS\SYSTEM32\CRYPTSP.dll
0x00007ffc25360000 - 0x00007ffc25395000 	C:\WINDOWS\system32\rsaenh.dll
0x00007ffc25990000 - 0x00007ffc259b8000 	C:\WINDOWS\SYSTEM32\USERENV.dll
0x00007ffc25b10000 - 0x00007ffc25b1c000 	C:\WINDOWS\SYSTEM32\CRYPTBASE.dll
0x00007ffc24e60000 - 0x00007ffc24e8d000 	C:\WINDOWS\SYSTEM32\IPHLPAPI.DLL
0x00007ffc28ae0000 - 0x00007ffc28ae9000 	C:\WINDOWS\System32\NSI.dll
0x00007ffc1b620000 - 0x00007ffc1b629000 	C:\Program Files\Android\Android Studio\jbr\bin\extnet.dll
0x00007ffbfef40000 - 0x00007ffbfef48000 	C:\WINDOWS\system32\wshunix.dll

dbghelp: loaded successfully - version: 4.0.5 - missing functions: none
symbol engine: initialized successfully - sym options: 0x614 - pdb path: .;C:\Program Files\Android\Android Studio\jbr\bin;C:\WINDOWS\SYSTEM32;C:\WINDOWS\WinSxS\amd64_microsoft.windows.common-controls_6595b64144ccf1df_6.0.22621.4541_none_2710d1c57384c085;C:\Program Files\Android\Android Studio\jbr\bin\server;C:\Users\praga\.gradle\native\c067742578af261105cb4f569cf0c3c89f3d7b1fecec35dd04571415982c5e48\windows-amd64;C:\Users\praga\.gradle\native\100fb08df4bc3b14c8652ba06237920a3bd2aa13389f12d3474272988ae205f9\windows-amd64

VM Arguments:
jvm_args: --add-opens=java.base/java.util=ALL-UNNAMED --add-opens=java.base/java.lang=ALL-UNNAMED --add-opens=java.base/java.lang.invoke=ALL-UNNAMED --add-opens=java.prefs/java.util.prefs=ALL-UNNAMED --add-exports=jdk.compiler/com.sun.tools.javac.api=ALL-UNNAMED --add-exports=jdk.compiler/com.sun.tools.javac.util=ALL-UNNAMED --add-opens=java.base/java.nio.charset=ALL-UNNAMED --add-opens=java.base/java.net=ALL-UNNAMED --add-opens=java.base/java.util.concurrent.atomic=ALL-UNNAMED -Xmx2048m -Dfile.encoding=UTF-8 -Duser.country=IN -Duser.language=en -Duser.variant -javaagent:C:\Users\praga\.gradle\wrapper\dists\gradle-8.9-bin\90cnw93cvbtalezasaz0blq0a\gradle-8.9\lib\agents\gradle-instrumentation-agent-8.9.jar 
java_command: org.gradle.launcher.daemon.bootstrap.GradleDaemon 8.9
java_class_path (initial): C:\Users\praga\.gradle\wrapper\dists\gradle-8.9-bin\90cnw93cvbtalezasaz0blq0a\gradle-8.9\lib\gradle-daemon-main-8.9.jar
Launcher Type: SUN_STANDARD

[Global flags]
     intx CICompilerCount                          = 2                                         {product} {ergonomic}
     uint ConcGCThreads                            = 1                                         {product} {ergonomic}
     uint G1ConcRefinementThreads                  = 3                                         {product} {ergonomic}
   size_t G1HeapRegionSize                         = 1048576                                   {product} {ergonomic}
    uintx GCDrainStackTargetSize                   = 64                                        {product} {ergonomic}
   size_t InitialHeapSize                          = 85983232                                  {product} {ergonomic}
   size_t MarkStackSize                            = 4194304                                   {product} {ergonomic}
   size_t MaxHeapSize                              = 2147483648                                {product} {command line}
   size_t MaxNewSize                               = 1287651328                                {product} {ergonomic}
   size_t MinHeapDeltaBytes                        = 1048576                                   {product} {ergonomic}
   size_t MinHeapSize                              = 8388608                                   {product} {ergonomic}
    uintx NonNMethodCodeHeapSize                   = 5826188                                {pd product} {ergonomic}
    uintx NonProfiledCodeHeapSize                  = 122916026                              {pd product} {ergonomic}
    uintx ProfiledCodeHeapSize                     = 122916026                              {pd product} {ergonomic}
    uintx ReservedCodeCacheSize                    = 251658240                              {pd product} {ergonomic}
     bool SegmentedCodeCache                       = true                                      {product} {ergonomic}
   size_t SoftMaxHeapSize                          = 2147483648                             {manageable} {ergonomic}
     bool UseCompressedOops                        = true                           {product lp64_product} {ergonomic}
     bool UseG1GC                                  = true                                      {product} {ergonomic}
     bool UseLargePagesIndividualAllocation        = false                                  {pd product} {ergonomic}

Logging:
Log output configuration:
 #0: stdout all=warning uptime,level,tags foldmultilines=false
 #1: stderr all=off uptime,level,tags foldmultilines=false

Environment Variables:
JAVA_HOME=C:\Program Files\Java\jdk-17
PATH=C:\Program Files\Common Files\Oracle\Java\javapath;C:\Python311\Scripts\;C:\Python311\;C:\WINDOWS\system32;C:\WINDOWS;C:\WINDOWS\System32\Wbem;C:\WINDOWS\System32\WindowsPowerShell\v1.0\;C:\WINDOWS\System32\OpenSSH\;C:\ProgramData\chocolatey\bin;C:\Program Files\PuTTY\;C:\Program Files\Java\jdk-11.0.16;C:\Program Files\Git\cmd;C:\apache-maven-3.9.0\bin;C:\gradle-8.0.2\bin;C:\Program Files\helidon-4.0.11;C:\Users\praga\AppData\Roaming\nvm;C:\Program Files\nodejs;;C:\Program Files\Docker\Docker\resources\bin;C:\Program Files\MySQL\MySQL Shell 8.0\bin\;C:\Users\praga\AppData\Local\Microsoft\WindowsApps;C:\Users\praga\AppData\Local\Android\Sdk\platform-tools;C:\Program Files\Java\jdk-11.0.16\bin;C:\Program Files (x86)\GNU\GnuPG;C:\Program Files\JetBrains\IntelliJ IDEA Community Edition 2024.2.3\bin;;C:\Program Files\Git\usr\bin;C:\apache-maven-3.9.0\bin;C:\apache-maven-3.9\bin;C:\Program Files\JetBrains\IntelliJ IDEA Community Edition 2022.3\plugins\Kotlin\kotlinc\bin;C:\flutter\bin;C:\Users\praga\spark\;C:\dart-sdk\bin;D:\Saratha\TRAINING\WIPRO\JAVA FSD\IDE\apache-zookeeper-3.9.2-bin\bin;C:\Program Files\Docker\Docker\resources\bin;C:\Program Files\Microsoft VS Code\bin;C:\Users\praga\AppData\Roaming\npm;C:\Users\praga\AppData\Local\GitHubDesktop\bin;C:\Users\praga\AppData\Roaming\nvm;C:\Program Files\nodejs;
USERNAME=praga
OS=Windows_NT
PROCESSOR_IDENTIFIER=Intel64 Family 6 Model 140 Stepping 1, GenuineIntel
TMP=C:\Users\praga\AppData\Local\Temp
TEMP=C:\Users\praga\AppData\Local\Temp




Periodic native trim disabled

JNI global refs:
JNI global refs: 26, weak refs: 1

JNI global refs memory usage: 835, weak refs: 833

Process memory usage:
Resident Set Size: 100564K (1% of 5287224K total physical memory with 383012K free physical memory)

OOME stack traces (most recent first):
Classloader memory used:
Loader org.gradle.internal.classloader.VisitableURLClassLoader                         : 35951K
Loader bootstrap                                                                       : 23410K
Loader org.gradle.initialization.MixInLegacyTypesClassLoader                           : 10983K
Loader org.gradle.internal.classloader.VisitableURLClassLoader                         : 918K
Loader org.gradle.internal.classloader.VisitableURLClassLoader$InstrumentingVisitableURLClassLoader: 690K
Loader jdk.internal.loader.ClassLoaders$PlatformClassLoader                            : 518K
Loader jdk.internal.reflect.DelegatingClassLoader                                      : 251K
Loader jdk.internal.loader.ClassLoaders$AppClassLoader                                 : 230K
Loader org.gradle.groovy.scripts.internal.DefaultScriptCompilationHandler$ScriptClassLoader: 88488B
Loader org.codehaus.groovy.runtime.callsite.CallSiteClassLoader                        : 48768B

Classes loaded by more than one classloader:
Class org.gradle.api.GradleException                                                  : loaded 3 times (x 79B)
Class Program                                                                         : loaded 3 times (x 69B)
Class org.gradle.api.internal.classpath.ManifestUtil                                  : loaded 2 times (x 68B)
Class org.jetbrains.plugins.gradle.model.GradleExtensions                             : loaded 2 times (x 67B)
Class org.jetbrains.plugins.gradle.model.AnnotationProcessingModel                    : loaded 2 times (x 67B)
Class org.gradle.internal.operations.MultipleBuildOperationFailures                   : loaded 2 times (x 92B)
Class org.jetbrains.kotlin.idea.gradleTooling.model.noarg.NoArgModel                  : loaded 2 times (x 67B)
Class org.gradle.internal.classloader.DefaultClassLoaderFactory                       : loaded 2 times (x 79B)
Class kotlin.collections.AbstractList$Companion                                       : loaded 2 times (x 68B)
Class org.gradle.internal.classloader.ClassLoaderVisitor                              : loaded 2 times (x 73B)
Class org.gradle.api.internal.classpath.EffectiveClassPath                            : loaded 2 times (x 87B)
Class org.gradle.tooling.internal.gradle.DefaultProjectIdentifier                     : loaded 2 times (x 83B)
Class org.jetbrains.kotlin.idea.gradleTooling.model.allopen.AllOpenModel              : loaded 2 times (x 67B)
Class org.gradle.api.internal.DefaultClassPathProvider                                : loaded 2 times (x 73B)
Class [Lorg.gradle.api.internal.ClassPathProvider;                                    : loaded 2 times (x 66B)
Class org.gradle.api.internal.ClassPathProvider                                       : loaded 2 times (x 67B)
Class org.gradle.internal.service.UnknownServiceException                             : loaded 2 times (x 80B)
Class org.jetbrains.kotlin.idea.gradleTooling.KotlinDslScriptAdditionalTask           : loaded 2 times (x 67B)
Class org.gradle.internal.classpath.TransformedClassPath                              : loaded 2 times (x 93B)
Class kotlin.enums.EnumEntriesList                                                    : loaded 2 times (x 220B)
Class org.jetbrains.plugins.gradle.model.IntelliJSettings                             : loaded 2 times (x 67B)
Class org.gradle.internal.classloader.ClassLoaderHierarchy                            : loaded 2 times (x 67B)
Class org.gradle.internal.service.ServiceLocator                                      : loaded 2 times (x 67B)
Class org.jetbrains.kotlin.android.synthetic.idea.AndroidExtensionsGradleModel        : loaded 2 times (x 67B)
Class org.gradle.tooling.model.UnsupportedMethodException                             : loaded 2 times (x 79B)
Class sync_studio_tooling9_eia846mx500qrettugqw21d9f                                  : loaded 2 times (x 176B)
Class org.gradle.internal.InternalTransformer                                         : loaded 2 times (x 67B)
Class org.gradle.internal.time.DefaultTimer                                           : loaded 2 times (x 77B)
Class org.gradle.internal.classloader.ClasspathUtil$1                                 : loaded 2 times (x 73B)
Class org.gradle.api.internal.classpath.DefaultModuleRegistry$DefaultModule           : loaded 2 times (x 83B)
Class org.jetbrains.kotlin.idea.gradleTooling.model.lombok.LombokModel                : loaded 2 times (x 67B)
Class org.gradle.internal.time.DefaultCountdownTimer                                  : loaded 2 times (x 85B)
Class org.gradle.tooling.internal.gradle.DefaultBuildIdentifier                       : loaded 2 times (x 76B)
Class kotlin.Function                                                                 : loaded 2 times (x 67B)
Class org.gradle.api.internal.classpath.Module                                        : loaded 2 times (x 67B)
Class org.gradle.api.internal.classpath.UnknownModuleException                        : loaded 2 times (x 79B)
Class com.intellij.openapi.externalSystem.model.project.dependencies.ProjectDependencies: loaded 2 times (x 67B)
Class org.gradle.tooling.internal.gradle.GradleProjectIdentity                        : loaded 2 times (x 67B)
Class org.gradle.api.internal.DefaultClassPathRegistry                                : loaded 2 times (x 73B)
Class org.gradle.api.internal.ClassPathRegistry                                       : loaded 2 times (x 67B)
Class org.gradle.internal.classpath.DefaultClassPath$ImmutableUniqueList              : loaded 2 times (x 196B)
Class org.jetbrains.kotlin.idea.gradleTooling.KotlinSourceSetContainer                : loaded 2 times (x 67B)
Class Settings_gradle$1                                                               : loaded 2 times (x 71B)
Class org.gradle.internal.classpath.ClassPath                                         : loaded 2 times (x 67B)
Class org.gradle.api.UncheckedIOException                                             : loaded 2 times (x 79B)
Class org.jetbrains.kotlin.idea.gradleTooling.KotlinGradleModel                       : loaded 2 times (x 67B)
Class org.gradle.tooling.model.Model                                                  : loaded 2 times (x 67B)
Class kotlin.UninitializedPropertyAccessException                                     : loaded 2 times (x 79B)
Class org.jetbrains.plugins.gradle.model.IntelliJProjectSettings                      : loaded 2 times (x 67B)
Class org.jetbrains.kotlin.idea.gradleTooling.model.annotation.AnnotationBasedPluginModel: loaded 2 times (x 67B)
Class org.gradle.internal.installation.GradleInstallation$1                           : loaded 2 times (x 72B)
Class org.gradle.api.internal.classpath.ModuleRegistry                                : loaded 2 times (x 67B)
Class org.jetbrains.plugins.gradle.model.VersionCatalogsModel                         : loaded 2 times (x 67B)
Class org.gradle.api.internal.classpath.DefaultModuleRegistry                         : loaded 2 times (x 80B)
Class org.gradle.internal.time.MonotonicClock                                         : loaded 2 times (x 74B)
Class org.gradle.internal.service.ServiceLookupException                              : loaded 2 times (x 79B)
Class org.gradle.internal.classloader.ClassLoaderFactory                              : loaded 2 times (x 67B)
Class org.gradle.internal.service.CachingServiceLocator                               : loaded 2 times (x 79B)
Class org.jetbrains.plugins.gradle.model.RepositoryModels                             : loaded 2 times (x 67B)
Class org.gradle.internal.time.TimeSource                                             : loaded 2 times (x 67B)
Class org.gradle.tooling.internal.gradle.GradleBuildIdentity                          : loaded 2 times (x 67B)
Class kotlin.enums.EnumEntries                                                        : loaded 2 times (x 67B)
Class org.gradle.internal.exceptions.ResolutionProvider                               : loaded 2 times (x 67B)
Class org.gradle.tooling.model.ProjectIdentifier                                      : loaded 2 times (x 67B)
Class org.gradle.internal.classloader.ClasspathUtil                                   : loaded 2 times (x 68B)
Class org.gradle.internal.time.TimeSource$1                                           : loaded 2 times (x 74B)
Class kotlin.jvm.internal.DefaultConstructorMarker                                    : loaded 2 times (x 68B)
Class org.gradle.api.specs.Spec                                                       : loaded 2 times (x 67B)
Class org.gradle.internal.time.Clock                                                  : loaded 2 times (x 67B)
Class org.jetbrains.plugins.gradle.model.jar.JarTaskManifestConfiguration             : loaded 2 times (x 67B)
Class kotlin.collections.AbstractList                                                 : loaded 2 times (x 194B)
Class kotlin.collections.AbstractCollection                                           : loaded 2 times (x 114B)
Class org.gradle.internal.classloader.VisitableURLClassLoader$InstrumentingVisitableURLClassLoader: loaded 2 times (x 120B)
Class org.gradle.internal.classloader.VisitableURLClassLoader$Spec                    : loaded 2 times (x 71B)
Class org.gradle.internal.classpath.DefaultClassPath                                  : loaded 2 times (x 87B)
Class org.gradle.internal.classloader.ClassLoaderSpec                                 : loaded 2 times (x 68B)
Class Settings_gradle$1$1                                                             : loaded 2 times (x 71B)
Class org.gradle.internal.classloader.VisitableURLClassLoader                         : loaded 2 times (x 114B)
Class Settings_gradle                                                                 : loaded 2 times (x 125B)
Class org.gradle.internal.Cast                                                        : loaded 2 times (x 68B)
Class org.gradle.api.Action                                                           : loaded 2 times (x 67B)
Class kotlin.jvm.functions.Function1                                                  : loaded 2 times (x 67B)
Class org.gradle.internal.agents.InstrumentingClassLoader                             : loaded 2 times (x 67B)
Class org.gradle.internal.classpath.DefaultClassPath$ImmutableUniqueList$Builder      : loaded 2 times (x 72B)
Class org.jetbrains.kotlin.idea.gradleTooling.model.samWithReceiver.SamWithReceiverModel: loaded 2 times (x 67B)
Class org.gradle.internal.classloader.FilteringClassLoader                            : loaded 2 times (x 102B)
Class org.gradle.internal.exceptions.NonGradleCauseExceptionsHolder                   : loaded 2 times (x 67B)
Class org.jetbrains.kotlin.idea.gradleTooling.model.assignment.AssignmentModel        : loaded 2 times (x 67B)
Class kotlin.enums.EnumEntriesKt                                                      : loaded 2 times (x 68B)
Class org.gradle.internal.IoActions                                                   : loaded 2 times (x 68B)
Class org.gradle.internal.classloader.SystemClassLoaderSpec                           : loaded 2 times (x 68B)
Class org.gradle.internal.exceptions.MultiCauseException                              : loaded 2 times (x 67B)
Class org.gradle.internal.time.CountdownTimer                                         : loaded 2 times (x 67B)
Class kotlin.jvm.internal.Intrinsics                                                  : loaded 2 times (x 68B)
Class org.jetbrains.kotlin.idea.gradleTooling.model.parcelize.ParcelizeGradleModel    : loaded 2 times (x 67B)
Class org.gradle.tooling.model.ProjectModel                                           : loaded 2 times (x 67B)
Class ijInit1_evc4ytffj6wmf7idwc7l009mn                                               : loaded 2 times (x 176B)
Class kotlin.KotlinNullPointerException                                               : loaded 2 times (x 80B)
Class org.jetbrains.plugins.gradle.model.tests.ExternalTestsModel                     : loaded 2 times (x 67B)
Class org.gradle.internal.exceptions.DefaultMultiCauseException                       : loaded 2 times (x 92B)
Class org.gradle.internal.time.Time                                                   : loaded 2 times (x 68B)
Class org.jetbrains.plugins.gradle.model.DependencyAccessorsModel                     : loaded 2 times (x 67B)
Class org.jetbrains.kotlin.idea.gradleTooling.KotlinMPPGradleModel                    : loaded 2 times (x 67B)
Class org.gradle.tooling.model.BuildIdentifier                                        : loaded 2 times (x 67B)
Class org.jetbrains.kotlin.idea.gradleTooling.PrepareKotlinIdeImportTaskModel         : loaded 2 times (x 67B)
Class org.gradle.internal.time.Timer                                                  : loaded 2 times (x 67B)
Class kotlin.jvm.internal.markers.KMappedMarker                                       : loaded 2 times (x 67B)
Class org.gradle.internal.installation.CurrentGradleInstallationLocator               : loaded 2 times (x 68B)
Class org.gradle.internal.service.DefaultServiceLocator                               : loaded 2 times (x 80B)
Class org.gradle.util.GradleVersion                                                   : loaded 2 times (x 80B)
Class org.gradle.internal.installation.CurrentGradleInstallation                      : loaded 2 times (x 70B)
Class org.gradle.util.internal.GUtil                                                  : loaded 2 times (x 68B)
Class org.gradle.internal.installation.GradleInstallation                             : loaded 2 times (x 72B)

---------------  S Y S T E M  ---------------

OS:
 Windows 11 , 64 bit Build 22621 (10.0.22621.4391)
OS uptime: 1 days 12:44 hours
Hyper-V role detected

CPU: total 3 (initial active 3) (2 cores per cpu, 2 threads per core) family 6 model 140 stepping 1 microcode 0x9a, cx8, cmov, fxsr, ht, mmx, 3dnowpref, sse, sse2, sse3, ssse3, sse4.1, sse4.2, popcnt, lzcnt, tsc, tscinvbit, avx, avx2, aes, erms, clmul, bmi1, bmi2, adx, avx512f, avx512dq, avx512cd, avx512bw, avx512vl, sha, fma, vzeroupper, avx512_vpopcntdq, avx512_vpclmulqdq, avx512_vaes, avx512_vnni, clflush, clflushopt, clwb, avx512_vbmi2, avx512_vbmi, hv, rdtscp, rdpid, fsrm, gfni, avx512_bitalg, f16c, cet_ibt, cet_ss, avx512_ifma
Processor Information for processor 0
  Max Mhz: 2995, Current Mhz: 2995, Mhz Limit: 2995
Processor Information for processor 1
  Max Mhz: 2995, Current Mhz: 2995, Mhz Limit: 2995
Processor Information for processor 2
  Max Mhz: 2995, Current Mhz: 1198, Mhz Limit: 2995

Memory: 4k page, system-wide physical 5163M (282M free)
TotalPageFile size 21010M (AvailPageFile size 72M)
current process WorkingSet (physical memory assigned to process): 113M, peak: 213M
current process commit charge ("private bytes"): 395M, peak: 754M

vm_info: OpenJDK 64-Bit Server VM (21.0.3+-12282718-b509.11) for windows-amd64 JRE (21.0.3+-12282718-b509.11), built on 2024-08-27T17:34:15Z by "builder" with MS VC++ 16.10 / 16.11 (VS2019)

END.
